Mai 05, 2014 3:15:31 PM org.apache.catalina.core.AprLifecycleListener init
INFO: The APR based Apache Tomcat Native library which allows optimal performance in production environments was not found on the java.library.path: /Users/adrianbertschi/Library/Java/Extensions:/Library/Java/Extensions:/Network/Library/Java/Extensions:/System/Library/Java/Extensions:/usr/lib/java:.
Mai 05, 2014 3:15:32 PM org.apache.coyote.AbstractProtocol init
INFO: Initializing ProtocolHandler ["http-bio-8080"]
Mai 05, 2014 3:15:32 PM org.apache.coyote.AbstractProtocol init
INFO: Initializing ProtocolHandler ["http-bio-8443"]
Mai 05, 2014 3:15:32 PM org.apache.coyote.AbstractProtocol init
INFO: Initializing ProtocolHandler ["ajp-bio-8009"]
Mai 05, 2014 3:15:32 PM org.apache.catalina.startup.Catalina load
INFO: Initialization processed in 1159 ms
Mai 05, 2014 3:15:32 PM org.apache.catalina.core.StandardService startInternal
INFO: Starting service Catalina
Mai 05, 2014 3:15:32 PM org.apache.catalina.core.StandardEngine startInternal
INFO: Starting Servlet Engine: Apache Tomcat/7.0.53
Mai 05, 2014 3:15:32 PM org.apache.catalina.startup.HostConfig deployDirectory
INFO: Deploying web application directory /Users/adrianbertschi/Documents/Work/Projects/ZHAW/VSY/P5/apache-tomcat-7.0.53/webapps/docs
Mai 05, 2014 3:15:33 PM org.apache.catalina.startup.HostConfig deployDirectory
INFO: Deploying web application directory /Users/adrianbertschi/Documents/Work/Projects/ZHAW/VSY/P5/apache-tomcat-7.0.53/webapps/examples
Mai 05, 2014 3:15:34 PM org.apache.catalina.startup.HostConfig deployDirectory
INFO: Deploying web application directory /Users/adrianbertschi/Documents/Work/Projects/ZHAW/VSY/P5/apache-tomcat-7.0.53/webapps/host-manager
Mai 05, 2014 3:15:34 PM org.apache.catalina.startup.HostConfig deployDirectory
INFO: Deploying web application directory /Users/adrianbertschi/Documents/Work/Projects/ZHAW/VSY/P5/apache-tomcat-7.0.53/webapps/manager
Mai 05, 2014 3:15:34 PM org.apache.catalina.startup.HostConfig deployDirectory
INFO: Deploying web application directory /Users/adrianbertschi/Documents/Work/Projects/ZHAW/VSY/P5/apache-tomcat-7.0.53/webapps/ROOT
Mai 05, 2014 3:15:34 PM org.apache.coyote.AbstractProtocol start
INFO: Starting ProtocolHandler ["http-bio-8080"]
Mai 05, 2014 3:15:34 PM org.apache.coyote.AbstractProtocol start
INFO: Starting ProtocolHandler ["http-bio-8443"]
Mai 05, 2014 3:15:34 PM org.apache.coyote.AbstractProtocol start
INFO: Starting ProtocolHandler ["ajp-bio-8009"]
Mai 05, 2014 3:15:34 PM org.apache.catalina.startup.Catalina start
INFO: Server startup in 1811 ms
Mai 05, 2014 3:16:43 PM org.apache.catalina.core.StandardServer await
INFO: A valid shutdown command was received via the shutdown port. Stopping the Server instance.
Mai 05, 2014 3:16:43 PM org.apache.coyote.AbstractProtocol pause
INFO: Pausing ProtocolHandler ["http-bio-8080"]
Mai 05, 2014 3:16:43 PM org.apache.coyote.AbstractProtocol pause
INFO: Pausing ProtocolHandler ["http-bio-8443"]
Mai 05, 2014 3:16:43 PM org.apache.coyote.AbstractProtocol pause
INFO: Pausing ProtocolHandler ["ajp-bio-8009"]
Mai 05, 2014 3:16:43 PM org.apache.catalina.core.StandardService stopInternal
INFO: Stopping service Catalina
Mai 05, 2014 3:16:43 PM org.apache.coyote.AbstractProtocol stop
INFO: Stopping ProtocolHandler ["http-bio-8080"]
Mai 05, 2014 3:16:43 PM org.apache.coyote.AbstractProtocol stop
INFO: Stopping ProtocolHandler ["http-bio-8443"]
Mai 05, 2014 3:16:43 PM org.apache.coyote.AbstractProtocol stop
INFO: Stopping ProtocolHandler ["ajp-bio-8009"]
Mai 05, 2014 3:16:43 PM org.apache.coyote.AbstractProtocol destroy
INFO: Destroying ProtocolHandler ["http-bio-8080"]
Mai 05, 2014 3:16:43 PM org.apache.coyote.AbstractProtocol destroy
INFO: Destroying ProtocolHandler ["http-bio-8443"]
Mai 05, 2014 3:16:43 PM org.apache.coyote.AbstractProtocol destroy
INFO: Destroying ProtocolHandler ["ajp-bio-8009"]
Mai 05, 2014 3:17:29 PM org.apache.catalina.core.AprLifecycleListener init
INFO: The APR based Apache Tomcat Native library which allows optimal performance in production environments was not found on the java.library.path: /Users/adrianbertschi/Library/Java/Extensions:/Library/Java/Extensions:/Network/Library/Java/Extensions:/System/Library/Java/Extensions:/usr/lib/java:.
Mai 05, 2014 3:17:29 PM org.apache.coyote.AbstractProtocol init
INFO: Initializing ProtocolHandler ["http-bio-8080"]
Mai 05, 2014 3:17:29 PM org.apache.coyote.AbstractProtocol init
INFO: Initializing ProtocolHandler ["http-bio-8443"]
Mai 05, 2014 3:17:30 PM org.apache.coyote.AbstractProtocol init
INFO: Initializing ProtocolHandler ["ajp-bio-8009"]
Mai 05, 2014 3:17:30 PM org.apache.catalina.startup.Catalina load
INFO: Initialization processed in 934 ms
Mai 05, 2014 3:17:30 PM org.apache.catalina.core.StandardService startInternal
INFO: Starting service Catalina
Mai 05, 2014 3:17:30 PM org.apache.catalina.core.StandardEngine startInternal
INFO: Starting Servlet Engine: Apache Tomcat/7.0.53
Mai 05, 2014 3:17:30 PM org.apache.catalina.startup.HostConfig deployDirectory
INFO: Deploying web application directory /Users/adrianbertschi/Documents/Work/Projects/ZHAW/VSY/P5/apache-tomcat-7.0.53/webapps/docs
Mai 05, 2014 3:17:30 PM org.apache.catalina.startup.HostConfig deployDirectory
INFO: Deploying web application directory /Users/adrianbertschi/Documents/Work/Projects/ZHAW/VSY/P5/apache-tomcat-7.0.53/webapps/examples
Mai 05, 2014 3:17:32 PM org.apache.catalina.startup.HostConfig deployDirectory
INFO: Deploying web application directory /Users/adrianbertschi/Documents/Work/Projects/ZHAW/VSY/P5/apache-tomcat-7.0.53/webapps/host-manager
Mai 05, 2014 3:17:32 PM org.apache.catalina.startup.HostConfig deployDirectory
INFO: Deploying web application directory /Users/adrianbertschi/Documents/Work/Projects/ZHAW/VSY/P5/apache-tomcat-7.0.53/webapps/manager
Mai 05, 2014 3:17:32 PM org.apache.catalina.startup.HostConfig deployDirectory
INFO: Deploying web application directory /Users/adrianbertschi/Documents/Work/Projects/ZHAW/VSY/P5/apache-tomcat-7.0.53/webapps/ROOT
Mai 05, 2014 3:17:32 PM org.apache.coyote.AbstractProtocol start
INFO: Starting ProtocolHandler ["http-bio-8080"]
Mai 05, 2014 3:17:32 PM org.apache.coyote.AbstractProtocol start
INFO: Starting ProtocolHandler ["http-bio-8443"]
Mai 05, 2014 3:17:32 PM org.apache.coyote.AbstractProtocol start
INFO: Starting ProtocolHandler ["ajp-bio-8009"]
Mai 05, 2014 3:17:32 PM org.apache.catalina.startup.Catalina start
INFO: Server startup in 2160 ms
Mai 05, 2014 3:17:42 PM org.apache.coyote.http11.AbstractHttp11Processor process
INFO: Error parsing HTTP request header
 Note: further occurrences of HTTP header parsing errors will be logged at DEBUG level.
Mai 05, 2014 3:17:42 PM org.apache.coyote.http11.AbstractHttp11Processor process
INFO: Error parsing HTTP request header
 Note: further occurrences of HTTP header parsing errors will be logged at DEBUG level.
Mai 05, 2014 3:17:42 PM org.apache.coyote.http11.AbstractHttp11Processor process
INFO: Error parsing HTTP request header
 Note: further occurrences of HTTP header parsing errors will be logged at DEBUG level.
Mai 05, 2014 3:18:47 PM org.apache.catalina.core.StandardServer await
INFO: A valid shutdown command was received via the shutdown port. Stopping the Server instance.
Mai 05, 2014 3:18:47 PM org.apache.coyote.AbstractProtocol pause
INFO: Pausing ProtocolHandler ["http-bio-8080"]
Mai 05, 2014 3:18:47 PM org.apache.coyote.AbstractProtocol pause
INFO: Pausing ProtocolHandler ["http-bio-8443"]
Mai 05, 2014 3:18:47 PM org.apache.coyote.AbstractProtocol pause
INFO: Pausing ProtocolHandler ["ajp-bio-8009"]
Mai 05, 2014 3:18:47 PM org.apache.catalina.core.StandardService stopInternal
INFO: Stopping service Catalina
Mai 05, 2014 3:18:47 PM org.apache.coyote.AbstractProtocol stop
INFO: Stopping ProtocolHandler ["http-bio-8080"]
Mai 05, 2014 3:18:47 PM org.apache.coyote.AbstractProtocol stop
INFO: Stopping ProtocolHandler ["http-bio-8443"]
Mai 05, 2014 3:18:47 PM org.apache.coyote.AbstractProtocol stop
INFO: Stopping ProtocolHandler ["ajp-bio-8009"]
Mai 05, 2014 3:18:47 PM org.apache.coyote.AbstractProtocol destroy
INFO: Destroying ProtocolHandler ["http-bio-8080"]
Mai 05, 2014 3:18:47 PM org.apache.coyote.AbstractProtocol destroy
INFO: Destroying ProtocolHandler ["http-bio-8443"]
Mai 05, 2014 3:18:47 PM org.apache.coyote.AbstractProtocol destroy
INFO: Destroying ProtocolHandler ["ajp-bio-8009"]
Mai 05, 2014 3:19:24 PM org.apache.catalina.core.AprLifecycleListener init
INFO: The APR based Apache Tomcat Native library which allows optimal performance in production environments was not found on the java.library.path: /Users/adrianbertschi/Library/Java/Extensions:/Library/Java/Extensions:/Network/Library/Java/Extensions:/System/Library/Java/Extensions:/usr/lib/java:.
Mai 05, 2014 3:19:24 PM org.apache.coyote.AbstractProtocol init
INFO: Initializing ProtocolHandler ["http-bio-8080"]
Mai 05, 2014 3:19:24 PM org.apache.coyote.AbstractProtocol init
INFO: Initializing ProtocolHandler ["http-bio-8443"]
Mai 05, 2014 3:19:24 PM org.apache.coyote.AbstractProtocol init
INFO: Initializing ProtocolHandler ["ajp-bio-8009"]
Mai 05, 2014 3:19:24 PM org.apache.catalina.startup.Catalina load
INFO: Initialization processed in 923 ms
Mai 05, 2014 3:19:24 PM org.apache.catalina.core.StandardService startInternal
INFO: Starting service Catalina
Mai 05, 2014 3:19:24 PM org.apache.catalina.core.StandardEngine startInternal
INFO: Starting Servlet Engine: Apache Tomcat/7.0.53
Mai 05, 2014 3:19:24 PM org.apache.catalina.startup.HostConfig deployDirectory
INFO: Deploying web application directory /Users/adrianbertschi/Documents/Work/Projects/ZHAW/VSY/P5/apache-tomcat-7.0.53/webapps/docs
Mai 05, 2014 3:19:25 PM org.apache.catalina.startup.HostConfig deployDirectory
INFO: Deploying web application directory /Users/adrianbertschi/Documents/Work/Projects/ZHAW/VSY/P5/apache-tomcat-7.0.53/webapps/examples
Mai 05, 2014 3:19:26 PM org.apache.catalina.startup.HostConfig deployDirectory
INFO: Deploying web application directory /Users/adrianbertschi/Documents/Work/Projects/ZHAW/VSY/P5/apache-tomcat-7.0.53/webapps/host-manager
Mai 05, 2014 3:19:26 PM org.apache.catalina.startup.HostConfig deployDirectory
INFO: Deploying web application directory /Users/adrianbertschi/Documents/Work/Projects/ZHAW/VSY/P5/apache-tomcat-7.0.53/webapps/manager
Mai 05, 2014 3:19:26 PM org.apache.catalina.startup.HostConfig deployDirectory
INFO: Deploying web application directory /Users/adrianbertschi/Documents/Work/Projects/ZHAW/VSY/P5/apache-tomcat-7.0.53/webapps/ROOT
Mai 05, 2014 3:19:26 PM org.apache.coyote.AbstractProtocol start
INFO: Starting ProtocolHandler ["http-bio-8080"]
Mai 05, 2014 3:19:26 PM org.apache.coyote.AbstractProtocol start
INFO: Starting ProtocolHandler ["http-bio-8443"]
Mai 05, 2014 3:19:26 PM org.apache.coyote.AbstractProtocol start
INFO: Starting ProtocolHandler ["ajp-bio-8009"]
Mai 05, 2014 3:19:26 PM org.apache.catalina.startup.Catalina start
INFO: Server startup in 1577 ms
Mai 05, 2014 3:19:33 PM org.apache.catalina.core.StandardServer await
INFO: A valid shutdown command was received via the shutdown port. Stopping the Server instance.
Mai 05, 2014 3:19:33 PM org.apache.coyote.AbstractProtocol pause
INFO: Pausing ProtocolHandler ["http-bio-8080"]
Mai 05, 2014 3:19:33 PM org.apache.coyote.AbstractProtocol pause
INFO: Pausing ProtocolHandler ["http-bio-8443"]
Mai 05, 2014 3:19:33 PM org.apache.coyote.AbstractProtocol pause
INFO: Pausing ProtocolHandler ["ajp-bio-8009"]
Mai 05, 2014 3:19:33 PM org.apache.catalina.core.StandardService stopInternal
INFO: Stopping service Catalina
Mai 05, 2014 3:19:33 PM org.apache.coyote.AbstractProtocol stop
INFO: Stopping ProtocolHandler ["http-bio-8080"]
Mai 05, 2014 3:19:33 PM org.apache.coyote.AbstractProtocol stop
INFO: Stopping ProtocolHandler ["http-bio-8443"]
Mai 05, 2014 3:19:33 PM org.apache.coyote.AbstractProtocol stop
INFO: Stopping ProtocolHandler ["ajp-bio-8009"]
Mai 05, 2014 3:19:33 PM org.apache.coyote.AbstractProtocol destroy
INFO: Destroying ProtocolHandler ["http-bio-8080"]
Mai 05, 2014 3:19:33 PM org.apache.coyote.AbstractProtocol destroy
INFO: Destroying ProtocolHandler ["http-bio-8443"]
Mai 05, 2014 3:19:33 PM org.apache.coyote.AbstractProtocol destroy
INFO: Destroying ProtocolHandler ["ajp-bio-8009"]
Mai 05, 2014 3:20:00 PM org.apache.catalina.core.AprLifecycleListener init
INFO: The APR based Apache Tomcat Native library which allows optimal performance in production environments was not found on the java.library.path: /Users/adrianbertschi/Library/Java/Extensions:/Library/Java/Extensions:/Network/Library/Java/Extensions:/System/Library/Java/Extensions:/usr/lib/java:.
Mai 05, 2014 3:20:00 PM org.apache.coyote.AbstractProtocol init
INFO: Initializing ProtocolHandler ["http-bio-8080"]
Mai 05, 2014 3:20:00 PM org.apache.coyote.AbstractProtocol init
INFO: Initializing ProtocolHandler ["http-bio-8443"]
Mai 05, 2014 3:20:01 PM org.apache.coyote.AbstractProtocol init
INFO: Initializing ProtocolHandler ["ajp-bio-8009"]
Mai 05, 2014 3:20:01 PM org.apache.catalina.startup.Catalina load
INFO: Initialization processed in 930 ms
Mai 05, 2014 3:20:01 PM org.apache.catalina.core.StandardService startInternal
INFO: Starting service Catalina
Mai 05, 2014 3:20:01 PM org.apache.catalina.core.StandardEngine startInternal
INFO: Starting Servlet Engine: Apache Tomcat/7.0.53
Mai 05, 2014 3:20:01 PM org.apache.catalina.startup.HostConfig deployDirectory
INFO: Deploying web application directory /Users/adrianbertschi/Documents/Work/Projects/ZHAW/VSY/P5/apache-tomcat-7.0.53/webapps/docs
Mai 05, 2014 3:20:01 PM org.apache.catalina.startup.HostConfig deployDirectory
INFO: Deploying web application directory /Users/adrianbertschi/Documents/Work/Projects/ZHAW/VSY/P5/apache-tomcat-7.0.53/webapps/examples
Mai 05, 2014 3:20:02 PM org.apache.catalina.startup.HostConfig deployDirectory
INFO: Deploying web application directory /Users/adrianbertschi/Documents/Work/Projects/ZHAW/VSY/P5/apache-tomcat-7.0.53/webapps/host-manager
Mai 05, 2014 3:20:02 PM org.apache.catalina.startup.HostConfig deployDirectory
INFO: Deploying web application directory /Users/adrianbertschi/Documents/Work/Projects/ZHAW/VSY/P5/apache-tomcat-7.0.53/webapps/manager
Mai 05, 2014 3:20:02 PM org.apache.catalina.startup.HostConfig deployDirectory
INFO: Deploying web application directory /Users/adrianbertschi/Documents/Work/Projects/ZHAW/VSY/P5/apache-tomcat-7.0.53/webapps/ROOT
Mai 05, 2014 3:20:02 PM org.apache.coyote.AbstractProtocol start
INFO: Starting ProtocolHandler ["http-bio-8080"]
Mai 05, 2014 3:20:02 PM org.apache.coyote.AbstractProtocol start
INFO: Starting ProtocolHandler ["http-bio-8443"]
Mai 05, 2014 3:20:02 PM org.apache.coyote.AbstractProtocol start
INFO: Starting ProtocolHandler ["ajp-bio-8009"]
Mai 05, 2014 3:20:02 PM org.apache.catalina.startup.Catalina start
INFO: Server startup in 1429 ms
Mai 05, 2014 3:20:12 PM org.apache.coyote.http11.AbstractHttp11Processor process
INFO: Error parsing HTTP request header
 Note: further occurrences of HTTP header parsing errors will be logged at DEBUG level.
Mai 05, 2014 3:20:12 PM org.apache.coyote.http11.AbstractHttp11Processor process
INFO: Error parsing HTTP request header
 Note: further occurrences of HTTP header parsing errors will be logged at DEBUG level.
Mai 05, 2014 3:20:58 PM org.apache.coyote.AbstractProtocol pause
INFO: Pausing ProtocolHandler ["http-bio-8080"]
Mai 05, 2014 3:20:58 PM org.apache.coyote.AbstractProtocol pause
INFO: Pausing ProtocolHandler ["http-bio-8443"]
Mai 05, 2014 3:20:58 PM org.apache.coyote.AbstractProtocol pause
INFO: Pausing ProtocolHandler ["ajp-bio-8009"]
Mai 05, 2014 3:20:59 PM org.apache.catalina.core.StandardService stopInternal
INFO: Stopping service Catalina
Mai 05, 2014 3:20:59 PM org.apache.coyote.AbstractProtocol stop
INFO: Stopping ProtocolHandler ["http-bio-8080"]
Mai 05, 2014 3:20:59 PM org.apache.coyote.AbstractProtocol stop
INFO: Stopping ProtocolHandler ["http-bio-8443"]
Mai 05, 2014 3:20:59 PM org.apache.coyote.AbstractProtocol stop
INFO: Stopping ProtocolHandler ["ajp-bio-8009"]
Mai 05, 2014 3:20:59 PM org.apache.coyote.AbstractProtocol destroy
INFO: Destroying ProtocolHandler ["http-bio-8080"]
Mai 05, 2014 3:20:59 PM org.apache.coyote.AbstractProtocol destroy
INFO: Destroying ProtocolHandler ["http-bio-8443"]
Mai 05, 2014 3:20:59 PM org.apache.coyote.AbstractProtocol destroy
INFO: Destroying ProtocolHandler ["ajp-bio-8009"]
Mai 05, 2014 3:21:04 PM org.apache.catalina.core.AprLifecycleListener init
INFO: The APR based Apache Tomcat Native library which allows optimal performance in production environments was not found on the java.library.path: /Users/adrianbertschi/Library/Java/Extensions:/Library/Java/Extensions:/Network/Library/Java/Extensions:/System/Library/Java/Extensions:/usr/lib/java:.
Mai 05, 2014 3:21:04 PM org.apache.coyote.AbstractProtocol init
INFO: Initializing ProtocolHandler ["http-bio-8080"]
Mai 05, 2014 3:21:04 PM org.apache.coyote.AbstractProtocol init
INFO: Initializing ProtocolHandler ["http-bio-8443"]
Mai 05, 2014 3:21:04 PM org.apache.coyote.AbstractProtocol init
INFO: Initializing ProtocolHandler ["ajp-bio-8009"]
Mai 05, 2014 3:21:04 PM org.apache.catalina.startup.Catalina load
INFO: Initialization processed in 979 ms
Mai 05, 2014 3:21:04 PM org.apache.catalina.core.StandardService startInternal
INFO: Starting service Catalina
Mai 05, 2014 3:21:04 PM org.apache.catalina.core.StandardEngine startInternal
INFO: Starting Servlet Engine: Apache Tomcat/7.0.53
Mai 05, 2014 3:21:04 PM org.apache.catalina.startup.HostConfig deployDirectory
INFO: Deploying web application directory /Users/adrianbertschi/Documents/Work/Projects/ZHAW/VSY/P5/apache-tomcat-7.0.53/webapps/docs
Mai 05, 2014 3:21:05 PM org.apache.catalina.startup.HostConfig deployDirectory
INFO: Deploying web application directory /Users/adrianbertschi/Documents/Work/Projects/ZHAW/VSY/P5/apache-tomcat-7.0.53/webapps/examples
Mai 05, 2014 3:21:05 PM org.apache.catalina.startup.HostConfig deployDirectory
INFO: Deploying web application directory /Users/adrianbertschi/Documents/Work/Projects/ZHAW/VSY/P5/apache-tomcat-7.0.53/webapps/host-manager
Mai 05, 2014 3:21:05 PM org.apache.catalina.startup.HostConfig deployDirectory
INFO: Deploying web application directory /Users/adrianbertschi/Documents/Work/Projects/ZHAW/VSY/P5/apache-tomcat-7.0.53/webapps/manager
Mai 05, 2014 3:21:05 PM org.apache.catalina.startup.HostConfig deployDirectory
INFO: Deploying web application directory /Users/adrianbertschi/Documents/Work/Projects/ZHAW/VSY/P5/apache-tomcat-7.0.53/webapps/ROOT
Mai 05, 2014 3:21:05 PM org.apache.coyote.AbstractProtocol start
INFO: Starting ProtocolHandler ["http-bio-8080"]
Mai 05, 2014 3:21:05 PM org.apache.coyote.AbstractProtocol start
INFO: Starting ProtocolHandler ["http-bio-8443"]
Mai 05, 2014 3:21:05 PM org.apache.coyote.AbstractProtocol start
INFO: Starting ProtocolHandler ["ajp-bio-8009"]
Mai 05, 2014 3:21:05 PM org.apache.catalina.startup.Catalina start
INFO: Server startup in 1342 ms
Mai 05, 2014 3:21:31 PM org.apache.coyote.http11.AbstractHttp11Processor process
INFO: Error parsing HTTP request header
 Note: further occurrences of HTTP header parsing errors will be logged at DEBUG level.
Mai 05, 2014 3:21:31 PM org.apache.coyote.http11.AbstractHttp11Processor process
INFO: Error parsing HTTP request header
 Note: further occurrences of HTTP header parsing errors will be logged at DEBUG level.
Mai 05, 2014 3:21:43 PM org.apache.coyote.http11.AbstractHttp11Processor process
INFO: Error parsing HTTP request header
 Note: further occurrences of HTTP header parsing errors will be logged at DEBUG level.
Mai 05, 2014 3:22:54 PM org.apache.coyote.AbstractProtocol pause
INFO: Pausing ProtocolHandler ["http-bio-8080"]
Mai 05, 2014 3:22:54 PM org.apache.coyote.AbstractProtocol pause
INFO: Pausing ProtocolHandler ["http-bio-8443"]
Mai 05, 2014 3:22:54 PM org.apache.coyote.AbstractProtocol pause
INFO: Pausing ProtocolHandler ["ajp-bio-8009"]
Mai 05, 2014 3:22:54 PM org.apache.catalina.core.StandardService stopInternal
INFO: Stopping service Catalina
Mai 05, 2014 3:22:54 PM org.apache.coyote.AbstractProtocol stop
INFO: Stopping ProtocolHandler ["http-bio-8080"]
Mai 05, 2014 3:22:54 PM org.apache.coyote.AbstractProtocol stop
INFO: Stopping ProtocolHandler ["http-bio-8443"]
Mai 05, 2014 3:22:55 PM org.apache.coyote.AbstractProtocol stop
INFO: Stopping ProtocolHandler ["ajp-bio-8009"]
Mai 05, 2014 3:22:55 PM org.apache.coyote.AbstractProtocol destroy
INFO: Destroying ProtocolHandler ["http-bio-8080"]
Mai 05, 2014 3:22:55 PM org.apache.coyote.AbstractProtocol destroy
INFO: Destroying ProtocolHandler ["http-bio-8443"]
Mai 05, 2014 3:22:55 PM org.apache.coyote.AbstractProtocol destroy
INFO: Destroying ProtocolHandler ["ajp-bio-8009"]
Mai 05, 2014 3:22:56 PM org.apache.catalina.core.AprLifecycleListener init
INFO: The APR based Apache Tomcat Native library which allows optimal performance in production environments was not found on the java.library.path: /Users/adrianbertschi/Library/Java/Extensions:/Library/Java/Extensions:/Network/Library/Java/Extensions:/System/Library/Java/Extensions:/usr/lib/java:.
Mai 05, 2014 3:22:57 PM org.apache.coyote.AbstractProtocol init
INFO: Initializing ProtocolHandler ["http-bio-8080"]
Mai 05, 2014 3:22:57 PM org.apache.coyote.AbstractProtocol init
INFO: Initializing ProtocolHandler ["http-bio-8443"]
Mai 05, 2014 3:22:57 PM org.apache.coyote.AbstractProtocol init
INFO: Initializing ProtocolHandler ["ajp-bio-8009"]
Mai 05, 2014 3:22:57 PM org.apache.catalina.startup.Catalina load
INFO: Initialization processed in 1158 ms
Mai 05, 2014 3:22:57 PM org.apache.catalina.core.StandardService startInternal
INFO: Starting service Catalina
Mai 05, 2014 3:22:57 PM org.apache.catalina.core.StandardEngine startInternal
INFO: Starting Servlet Engine: Apache Tomcat/7.0.53
Mai 05, 2014 3:22:57 PM org.apache.catalina.startup.HostConfig deployDirectory
INFO: Deploying web application directory /Users/adrianbertschi/Documents/Work/Projects/ZHAW/VSY/P5/apache-tomcat-7.0.53/webapps/docs
Mai 05, 2014 3:22:58 PM org.apache.catalina.startup.HostConfig deployDirectory
INFO: Deploying web application directory /Users/adrianbertschi/Documents/Work/Projects/ZHAW/VSY/P5/apache-tomcat-7.0.53/webapps/examples
Mai 05, 2014 3:22:58 PM org.apache.catalina.startup.HostConfig deployDirectory
INFO: Deploying web application directory /Users/adrianbertschi/Documents/Work/Projects/ZHAW/VSY/P5/apache-tomcat-7.0.53/webapps/host-manager
Mai 05, 2014 3:22:58 PM org.apache.catalina.startup.HostConfig deployDirectory
INFO: Deploying web application directory /Users/adrianbertschi/Documents/Work/Projects/ZHAW/VSY/P5/apache-tomcat-7.0.53/webapps/manager
Mai 05, 2014 3:22:58 PM org.apache.catalina.startup.HostConfig deployDirectory
INFO: Deploying web application directory /Users/adrianbertschi/Documents/Work/Projects/ZHAW/VSY/P5/apache-tomcat-7.0.53/webapps/ROOT
Mai 05, 2014 3:22:59 PM org.apache.coyote.AbstractProtocol start
INFO: Starting ProtocolHandler ["http-bio-8080"]
Mai 05, 2014 3:22:59 PM org.apache.coyote.AbstractProtocol start
INFO: Starting ProtocolHandler ["http-bio-8443"]
Mai 05, 2014 3:22:59 PM org.apache.coyote.AbstractProtocol start
INFO: Starting ProtocolHandler ["ajp-bio-8009"]
Mai 05, 2014 3:22:59 PM org.apache.catalina.startup.Catalina start
INFO: Server startup in 1466 ms
Mai 05, 2014 3:23:37 PM org.apache.coyote.AbstractProtocol pause
INFO: Pausing ProtocolHandler ["http-bio-8080"]
Mai 05, 2014 3:23:37 PM org.apache.coyote.AbstractProtocol pause
INFO: Pausing ProtocolHandler ["http-bio-8443"]
Mai 05, 2014 3:23:37 PM org.apache.coyote.AbstractProtocol pause
INFO: Pausing ProtocolHandler ["ajp-bio-8009"]
Mai 05, 2014 3:23:37 PM org.apache.catalina.core.StandardService stopInternal
INFO: Stopping service Catalina
Mai 05, 2014 3:23:37 PM org.apache.coyote.AbstractProtocol stop
INFO: Stopping ProtocolHandler ["http-bio-8080"]
Mai 05, 2014 3:23:37 PM org.apache.coyote.AbstractProtocol stop
INFO: Stopping ProtocolHandler ["http-bio-8443"]
Mai 05, 2014 3:23:37 PM org.apache.coyote.AbstractProtocol stop
INFO: Stopping ProtocolHandler ["ajp-bio-8009"]
Mai 05, 2014 3:23:37 PM org.apache.coyote.AbstractProtocol destroy
INFO: Destroying ProtocolHandler ["http-bio-8080"]
Mai 05, 2014 3:23:37 PM org.apache.coyote.AbstractProtocol destroy
INFO: Destroying ProtocolHandler ["http-bio-8443"]
Mai 05, 2014 3:23:37 PM org.apache.coyote.AbstractProtocol destroy
INFO: Destroying ProtocolHandler ["ajp-bio-8009"]
Mai 05, 2014 3:23:39 PM org.apache.catalina.core.AprLifecycleListener init
INFO: The APR based Apache Tomcat Native library which allows optimal performance in production environments was not found on the java.library.path: /Users/adrianbertschi/Library/Java/Extensions:/Library/Java/Extensions:/Network/Library/Java/Extensions:/System/Library/Java/Extensions:/usr/lib/java:.
Mai 05, 2014 3:23:40 PM org.apache.coyote.AbstractProtocol init
INFO: Initializing ProtocolHandler ["http-bio-8080"]
Mai 05, 2014 3:23:40 PM org.apache.coyote.AbstractProtocol init
INFO: Initializing ProtocolHandler ["http-bio-8443"]
Mai 05, 2014 3:23:40 PM org.apache.coyote.AbstractProtocol init
INFO: Initializing ProtocolHandler ["ajp-bio-8009"]
Mai 05, 2014 3:23:40 PM org.apache.catalina.startup.Catalina load
INFO: Initialization processed in 1119 ms
Mai 05, 2014 3:23:40 PM org.apache.catalina.core.StandardService startInternal
INFO: Starting service Catalina
Mai 05, 2014 3:23:40 PM org.apache.catalina.core.StandardEngine startInternal
INFO: Starting Servlet Engine: Apache Tomcat/7.0.53
Mai 05, 2014 3:23:40 PM org.apache.catalina.startup.HostConfig deployDirectory
INFO: Deploying web application directory /Users/adrianbertschi/Documents/Work/Projects/ZHAW/VSY/P5/apache-tomcat-7.0.53/webapps/docs
Mai 05, 2014 3:23:41 PM org.apache.catalina.startup.HostConfig deployDirectory
INFO: Deploying web application directory /Users/adrianbertschi/Documents/Work/Projects/ZHAW/VSY/P5/apache-tomcat-7.0.53/webapps/examples
Mai 05, 2014 3:23:41 PM org.apache.catalina.startup.HostConfig deployDirectory
INFO: Deploying web application directory /Users/adrianbertschi/Documents/Work/Projects/ZHAW/VSY/P5/apache-tomcat-7.0.53/webapps/host-manager
Mai 05, 2014 3:23:42 PM org.apache.catalina.startup.HostConfig deployDirectory
INFO: Deploying web application directory /Users/adrianbertschi/Documents/Work/Projects/ZHAW/VSY/P5/apache-tomcat-7.0.53/webapps/manager
Mai 05, 2014 3:23:42 PM org.apache.catalina.startup.HostConfig deployDirectory
INFO: Deploying web application directory /Users/adrianbertschi/Documents/Work/Projects/ZHAW/VSY/P5/apache-tomcat-7.0.53/webapps/ROOT
Mai 05, 2014 3:23:42 PM org.apache.coyote.AbstractProtocol start
INFO: Starting ProtocolHandler ["http-bio-8080"]
Mai 05, 2014 3:23:42 PM org.apache.coyote.AbstractProtocol start
INFO: Starting ProtocolHandler ["http-bio-8443"]
Mai 05, 2014 3:23:42 PM org.apache.coyote.AbstractProtocol start
INFO: Starting ProtocolHandler ["ajp-bio-8009"]
Mai 05, 2014 3:23:42 PM org.apache.catalina.startup.Catalina start
INFO: Server startup in 1692 ms
Mai 05, 2014 3:26:05 PM org.apache.coyote.AbstractProtocol pause
INFO: Pausing ProtocolHandler ["http-bio-8080"]
Mai 05, 2014 3:26:05 PM org.apache.coyote.AbstractProtocol pause
INFO: Pausing ProtocolHandler ["http-bio-8443"]
Mai 05, 2014 3:26:05 PM org.apache.coyote.AbstractProtocol pause
INFO: Pausing ProtocolHandler ["ajp-bio-8009"]
Mai 05, 2014 3:26:05 PM org.apache.catalina.core.StandardService stopInternal
INFO: Stopping service Catalina
Mai 05, 2014 3:26:05 PM org.apache.coyote.AbstractProtocol stop
INFO: Stopping ProtocolHandler ["http-bio-8080"]
Mai 05, 2014 3:26:05 PM org.apache.coyote.AbstractProtocol stop
INFO: Stopping ProtocolHandler ["http-bio-8443"]
Mai 05, 2014 3:26:05 PM org.apache.coyote.AbstractProtocol stop
INFO: Stopping ProtocolHandler ["ajp-bio-8009"]
Mai 05, 2014 3:26:05 PM org.apache.coyote.AbstractProtocol destroy
INFO: Destroying ProtocolHandler ["http-bio-8080"]
Mai 05, 2014 3:26:05 PM org.apache.coyote.AbstractProtocol destroy
INFO: Destroying ProtocolHandler ["http-bio-8443"]
Mai 05, 2014 3:26:05 PM org.apache.coyote.AbstractProtocol destroy
INFO: Destroying ProtocolHandler ["ajp-bio-8009"]
Mai 05, 2014 3:43:23 PM org.apache.catalina.core.AprLifecycleListener init
INFO: The APR based Apache Tomcat Native library which allows optimal performance in production environments was not found on the java.library.path: /Users/adrianbertschi/Library/Java/Extensions:/Library/Java/Extensions:/Network/Library/Java/Extensions:/System/Library/Java/Extensions:/usr/lib/java:.
Mai 05, 2014 3:43:23 PM org.apache.coyote.AbstractProtocol init
INFO: Initializing ProtocolHandler ["http-bio-8080"]
Mai 05, 2014 3:43:23 PM org.apache.coyote.AbstractProtocol init
INFO: Initializing ProtocolHandler ["http-bio-8443"]
Mai 05, 2014 3:43:24 PM org.apache.coyote.AbstractProtocol init
INFO: Initializing ProtocolHandler ["ajp-bio-8009"]
Mai 05, 2014 3:43:24 PM org.apache.catalina.startup.Catalina load
INFO: Initialization processed in 1549 ms
Mai 05, 2014 3:43:24 PM org.apache.catalina.core.StandardService startInternal
INFO: Starting service Catalina
Mai 05, 2014 3:43:24 PM org.apache.catalina.core.StandardEngine startInternal
INFO: Starting Servlet Engine: Apache Tomcat/7.0.53
Mai 05, 2014 3:43:24 PM org.apache.catalina.startup.HostConfig deployDirectory
INFO: Deploying web application directory /Users/adrianbertschi/Documents/Work/Projects/ZHAW/VSY/P5/apache-tomcat-7.0.53/webapps/docs
Mai 05, 2014 3:43:24 PM org.apache.catalina.startup.HostConfig deployDirectory
INFO: Deploying web application directory /Users/adrianbertschi/Documents/Work/Projects/ZHAW/VSY/P5/apache-tomcat-7.0.53/webapps/examples
Mai 05, 2014 3:43:26 PM org.apache.catalina.startup.HostConfig deployDirectory
INFO: Deploying web application directory /Users/adrianbertschi/Documents/Work/Projects/ZHAW/VSY/P5/apache-tomcat-7.0.53/webapps/host-manager
Mai 05, 2014 3:43:26 PM org.apache.catalina.startup.HostConfig deployDirectory
INFO: Deploying web application directory /Users/adrianbertschi/Documents/Work/Projects/ZHAW/VSY/P5/apache-tomcat-7.0.53/webapps/manager
Mai 05, 2014 3:43:26 PM org.apache.catalina.startup.HostConfig deployDirectory
INFO: Deploying web application directory /Users/adrianbertschi/Documents/Work/Projects/ZHAW/VSY/P5/apache-tomcat-7.0.53/webapps/ROOT
Mai 05, 2014 3:43:26 PM org.apache.coyote.AbstractProtocol start
INFO: Starting ProtocolHandler ["http-bio-8080"]
Mai 05, 2014 3:43:26 PM org.apache.coyote.AbstractProtocol start
INFO: Starting ProtocolHandler ["http-bio-8443"]
Mai 05, 2014 3:43:26 PM org.apache.coyote.AbstractProtocol start
INFO: Starting ProtocolHandler ["ajp-bio-8009"]
Mai 05, 2014 3:43:26 PM org.apache.catalina.startup.Catalina start
INFO: Server startup in 2425 ms
Mai 05, 2014 3:44:56 PM org.apache.coyote.AbstractProtocol pause
INFO: Pausing ProtocolHandler ["http-bio-8080"]
Mai 05, 2014 3:44:56 PM org.apache.coyote.AbstractProtocol pause
INFO: Pausing ProtocolHandler ["http-bio-8443"]
Mai 05, 2014 3:44:56 PM org.apache.coyote.AbstractProtocol pause
INFO: Pausing ProtocolHandler ["ajp-bio-8009"]
Mai 05, 2014 3:44:56 PM org.apache.catalina.core.StandardService stopInternal
INFO: Stopping service Catalina
Mai 05, 2014 3:44:56 PM org.apache.coyote.AbstractProtocol stop
INFO: Stopping ProtocolHandler ["http-bio-8080"]
Mai 05, 2014 3:44:56 PM org.apache.coyote.AbstractProtocol stop
INFO: Stopping ProtocolHandler ["http-bio-8443"]
Mai 05, 2014 3:44:56 PM org.apache.coyote.AbstractProtocol stop
INFO: Stopping ProtocolHandler ["ajp-bio-8009"]
Mai 05, 2014 3:44:56 PM org.apache.coyote.AbstractProtocol destroy
INFO: Destroying ProtocolHandler ["http-bio-8080"]
Mai 05, 2014 3:44:56 PM org.apache.coyote.AbstractProtocol destroy
INFO: Destroying ProtocolHandler ["http-bio-8443"]
Mai 05, 2014 3:44:56 PM org.apache.coyote.AbstractProtocol destroy
INFO: Destroying ProtocolHandler ["ajp-bio-8009"]
Mai 05, 2014 3:44:59 PM org.apache.catalina.core.AprLifecycleListener init
INFO: The APR based Apache Tomcat Native library which allows optimal performance in production environments was not found on the java.library.path: /Users/adrianbertschi/Library/Java/Extensions:/Library/Java/Extensions:/Network/Library/Java/Extensions:/System/Library/Java/Extensions:/usr/lib/java:.
Mai 05, 2014 3:44:59 PM org.apache.catalina.startup.SetAllPropertiesRule begin
WARNING: [SetAllPropertiesRule]{Server/Service/Connector} Setting property 'maxSpareThreads' to '75' did not find a matching property.
Mai 05, 2014 3:44:59 PM org.apache.catalina.startup.SetAllPropertiesRule begin
WARNING: [SetAllPropertiesRule]{Server/Service/Connector} Setting property 'SSLVerifyClient' to 'require' did not find a matching property.
Mai 05, 2014 3:44:59 PM org.apache.catalina.startup.SetAllPropertiesRule begin
WARNING: [SetAllPropertiesRule]{Server/Service/Connector} Setting property 'SSLEngine' to 'on' did not find a matching property.
Mai 05, 2014 3:44:59 PM org.apache.catalina.startup.SetAllPropertiesRule begin
WARNING: [SetAllPropertiesRule]{Server/Service/Connector} Setting property 'SSLVerifyDepth' to '2' did not find a matching property.
Mai 05, 2014 3:44:59 PM org.apache.coyote.AbstractProtocol init
INFO: Initializing ProtocolHandler ["http-bio-8080"]
Mai 05, 2014 3:44:59 PM org.apache.coyote.AbstractProtocol init
INFO: Initializing ProtocolHandler ["http-bio-8443"]
Mai 05, 2014 3:44:59 PM org.apache.coyote.AbstractProtocol init
INFO: Initializing ProtocolHandler ["http-bio-8443"]
Mai 05, 2014 3:44:59 PM org.apache.coyote.AbstractProtocol init
SEVERE: Failed to initialize end point associated with ProtocolHandler ["http-bio-8443"]
java.net.BindException: Address already in use <null>:8443
	at org.apache.tomcat.util.net.JIoEndpoint.bind(JIoEndpoint.java:410)
	at org.apache.tomcat.util.net.AbstractEndpoint.init(AbstractEndpoint.java:640)
	at org.apache.coyote.AbstractProtocol.init(AbstractProtocol.java:434)
	at org.apache.coyote.http11.AbstractHttp11JsseProtocol.init(AbstractHttp11JsseProtocol.java:119)
	at org.apache.catalina.connector.Connector.initInternal(Connector.java:978)
	at org.apache.catalina.util.LifecycleBase.init(LifecycleBase.java:102)
	at org.apache.catalina.core.StandardService.initInternal(StandardService.java:559)
	at org.apache.catalina.util.LifecycleBase.init(LifecycleBase.java:102)
	at org.apache.catalina.core.StandardServer.initInternal(StandardServer.java:813)
	at org.apache.catalina.util.LifecycleBase.init(LifecycleBase.java:102)
	at org.apache.catalina.startup.Catalina.load(Catalina.java:638)
	at org.apache.catalina.startup.Catalina.load(Catalina.java:663)
	at sun.reflect.NativeMethodAccessorImpl.invoke0(Native Method)
	at sun.reflect.NativeMethodAccessorImpl.invoke(NativeMethodAccessorImpl.java:57)
	at sun.reflect.DelegatingMethodAccessorImpl.invoke(DelegatingMethodAccessorImpl.java:43)
	at java.lang.reflect.Method.invoke(Method.java:601)
	at org.apache.catalina.startup.Bootstrap.load(Bootstrap.java:280)
	at org.apache.catalina.startup.Bootstrap.main(Bootstrap.java:454)
Caused by: java.net.BindException: Address already in use
	at java.net.PlainSocketImpl.socketBind(Native Method)
	at java.net.AbstractPlainSocketImpl.bind(AbstractPlainSocketImpl.java:376)
	at java.net.ServerSocket.bind(ServerSocket.java:376)
	at java.net.ServerSocket.<init>(ServerSocket.java:237)
	at java.net.ServerSocket.<init>(ServerSocket.java:181)
	at javax.net.ssl.SSLServerSocket.<init>(SSLServerSocket.java:136)
	at sun.security.ssl.SSLServerSocketImpl.<init>(SSLServerSocketImpl.java:107)
	at sun.security.ssl.SSLServerSocketFactoryImpl.createServerSocket(SSLServerSocketFactoryImpl.java:84)
	at org.apache.tomcat.util.net.jsse.JSSESocketFactory.createSocket(JSSESocketFactory.java:182)
	at org.apache.tomcat.util.net.JIoEndpoint.bind(JIoEndpoint.java:397)
	... 17 more

Mai 05, 2014 3:44:59 PM org.apache.catalina.core.StandardService initInternal
SEVERE: Failed to initialize connector [Connector[HTTP/1.1-8443]]
org.apache.catalina.LifecycleException: Failed to initialize component [Connector[HTTP/1.1-8443]]
	at org.apache.catalina.util.LifecycleBase.init(LifecycleBase.java:106)
	at org.apache.catalina.core.StandardService.initInternal(StandardService.java:559)
	at org.apache.catalina.util.LifecycleBase.init(LifecycleBase.java:102)
	at org.apache.catalina.core.StandardServer.initInternal(StandardServer.java:813)
	at org.apache.catalina.util.LifecycleBase.init(LifecycleBase.java:102)
	at org.apache.catalina.startup.Catalina.load(Catalina.java:638)
	at org.apache.catalina.startup.Catalina.load(Catalina.java:663)
	at sun.reflect.NativeMethodAccessorImpl.invoke0(Native Method)
	at sun.reflect.NativeMethodAccessorImpl.invoke(NativeMethodAccessorImpl.java:57)
	at sun.reflect.DelegatingMethodAccessorImpl.invoke(DelegatingMethodAccessorImpl.java:43)
	at java.lang.reflect.Method.invoke(Method.java:601)
	at org.apache.catalina.startup.Bootstrap.load(Bootstrap.java:280)
	at org.apache.catalina.startup.Bootstrap.main(Bootstrap.java:454)
Caused by: org.apache.catalina.LifecycleException: Protocol handler initialization failed
	at org.apache.catalina.connector.Connector.initInternal(Connector.java:980)
	at org.apache.catalina.util.LifecycleBase.init(LifecycleBase.java:102)
	... 12 more
Caused by: java.net.BindException: Address already in use <null>:8443
	at org.apache.tomcat.util.net.JIoEndpoint.bind(JIoEndpoint.java:410)
	at org.apache.tomcat.util.net.AbstractEndpoint.init(AbstractEndpoint.java:640)
	at org.apache.coyote.AbstractProtocol.init(AbstractProtocol.java:434)
	at org.apache.coyote.http11.AbstractHttp11JsseProtocol.init(AbstractHttp11JsseProtocol.java:119)
	at org.apache.catalina.connector.Connector.initInternal(Connector.java:978)
	... 13 more
Caused by: java.net.BindException: Address already in use
	at java.net.PlainSocketImpl.socketBind(Native Method)
	at java.net.AbstractPlainSocketImpl.bind(AbstractPlainSocketImpl.java:376)
	at java.net.ServerSocket.bind(ServerSocket.java:376)
	at java.net.ServerSocket.<init>(ServerSocket.java:237)
	at java.net.ServerSocket.<init>(ServerSocket.java:181)
	at javax.net.ssl.SSLServerSocket.<init>(SSLServerSocket.java:136)
	at sun.security.ssl.SSLServerSocketImpl.<init>(SSLServerSocketImpl.java:107)
	at sun.security.ssl.SSLServerSocketFactoryImpl.createServerSocket(SSLServerSocketFactoryImpl.java:84)
	at org.apache.tomcat.util.net.jsse.JSSESocketFactory.createSocket(JSSESocketFactory.java:182)
	at org.apache.tomcat.util.net.JIoEndpoint.bind(JIoEndpoint.java:397)
	... 17 more

Mai 05, 2014 3:44:59 PM org.apache.coyote.AbstractProtocol init
INFO: Initializing ProtocolHandler ["ajp-bio-8009"]
Mai 05, 2014 3:44:59 PM org.apache.catalina.startup.Catalina load
INFO: Initialization processed in 1006 ms
Mai 05, 2014 3:44:59 PM org.apache.catalina.core.StandardService startInternal
INFO: Starting service Catalina
Mai 05, 2014 3:44:59 PM org.apache.catalina.core.StandardEngine startInternal
INFO: Starting Servlet Engine: Apache Tomcat/7.0.53
Mai 05, 2014 3:44:59 PM org.apache.catalina.startup.HostConfig deployDirectory
INFO: Deploying web application directory /Users/adrianbertschi/Documents/Work/Projects/ZHAW/VSY/P5/apache-tomcat-7.0.53/webapps/docs
Mai 05, 2014 3:45:00 PM org.apache.catalina.startup.HostConfig deployDirectory
INFO: Deploying web application directory /Users/adrianbertschi/Documents/Work/Projects/ZHAW/VSY/P5/apache-tomcat-7.0.53/webapps/examples
Mai 05, 2014 3:45:01 PM org.apache.catalina.startup.HostConfig deployDirectory
INFO: Deploying web application directory /Users/adrianbertschi/Documents/Work/Projects/ZHAW/VSY/P5/apache-tomcat-7.0.53/webapps/host-manager
Mai 05, 2014 3:45:01 PM org.apache.catalina.startup.HostConfig deployDirectory
INFO: Deploying web application directory /Users/adrianbertschi/Documents/Work/Projects/ZHAW/VSY/P5/apache-tomcat-7.0.53/webapps/manager
Mai 05, 2014 3:45:01 PM org.apache.catalina.startup.HostConfig deployDirectory
INFO: Deploying web application directory /Users/adrianbertschi/Documents/Work/Projects/ZHAW/VSY/P5/apache-tomcat-7.0.53/webapps/ROOT
Mai 05, 2014 3:45:01 PM org.apache.coyote.AbstractProtocol start
INFO: Starting ProtocolHandler ["http-bio-8080"]
Mai 05, 2014 3:45:01 PM org.apache.coyote.AbstractProtocol start
INFO: Starting ProtocolHandler ["http-bio-8443"]
Mai 05, 2014 3:45:01 PM org.apache.coyote.AbstractProtocol start
INFO: Starting ProtocolHandler ["ajp-bio-8009"]
Mai 05, 2014 3:45:01 PM org.apache.catalina.startup.Catalina start
INFO: Server startup in 1647 ms
Mai 05, 2014 3:45:08 PM org.apache.coyote.AbstractProtocol pause
INFO: Pausing ProtocolHandler ["http-bio-8080"]
Mai 05, 2014 3:45:08 PM org.apache.coyote.AbstractProtocol pause
INFO: Pausing ProtocolHandler ["http-bio-8443"]
Mai 05, 2014 3:45:08 PM org.apache.coyote.AbstractProtocol pause
INFO: Pausing ProtocolHandler ["http-bio-8443"]
Mai 05, 2014 3:45:08 PM org.apache.coyote.AbstractProtocol pause
INFO: Pausing ProtocolHandler ["ajp-bio-8009"]
Mai 05, 2014 3:45:08 PM org.apache.catalina.core.StandardService stopInternal
INFO: Stopping service Catalina
Mai 05, 2014 3:45:08 PM org.apache.coyote.AbstractProtocol stop
INFO: Stopping ProtocolHandler ["http-bio-8080"]
Mai 05, 2014 3:45:08 PM org.apache.coyote.AbstractProtocol stop
INFO: Stopping ProtocolHandler ["http-bio-8443"]
Mai 05, 2014 3:45:08 PM org.apache.coyote.AbstractProtocol stop
INFO: Stopping ProtocolHandler ["ajp-bio-8009"]
Mai 05, 2014 3:45:08 PM org.apache.coyote.AbstractProtocol destroy
INFO: Destroying ProtocolHandler ["http-bio-8080"]
Mai 05, 2014 3:45:08 PM org.apache.coyote.AbstractProtocol destroy
INFO: Destroying ProtocolHandler ["http-bio-8443"]
Mai 05, 2014 3:45:08 PM org.apache.coyote.AbstractProtocol stop
INFO: Stopping ProtocolHandler ["http-bio-8443"]
Mai 05, 2014 3:45:08 PM org.apache.coyote.AbstractProtocol destroy
INFO: Destroying ProtocolHandler ["http-bio-8443"]
Mai 05, 2014 3:45:08 PM org.apache.catalina.util.LifecycleMBeanBase unregister
WARNING: Failed to unregister MBean with name [Catalina:type=Connector,port=8443] during component destruction
javax.management.InstanceNotFoundException: Catalina:type=Connector,port=8443
	at com.sun.jmx.interceptor.DefaultMBeanServerInterceptor.getMBean(DefaultMBeanServerInterceptor.java:1095)
	at com.sun.jmx.interceptor.DefaultMBeanServerInterceptor.exclusiveUnregisterMBean(DefaultMBeanServerInterceptor.java:427)
	at com.sun.jmx.interceptor.DefaultMBeanServerInterceptor.unregisterMBean(DefaultMBeanServerInterceptor.java:415)
	at com.sun.jmx.mbeanserver.JmxMBeanServer.unregisterMBean(JmxMBeanServer.java:537)
	at org.apache.catalina.util.LifecycleMBeanBase.unregister(LifecycleMBeanBase.java:194)
	at org.apache.catalina.util.LifecycleMBeanBase.destroyInternal(LifecycleMBeanBase.java:73)
	at org.apache.catalina.connector.Connector.destroyInternal(Connector.java:1061)
	at org.apache.catalina.util.LifecycleBase.destroy(LifecycleBase.java:305)
	at org.apache.catalina.core.StandardService.destroyInternal(StandardService.java:578)
	at org.apache.catalina.util.LifecycleBase.destroy(LifecycleBase.java:305)
	at org.apache.catalina.core.StandardServer.destroyInternal(StandardServer.java:821)
	at org.apache.catalina.util.LifecycleBase.destroy(LifecycleBase.java:305)
	at org.apache.catalina.startup.Catalina.stop(Catalina.java:763)
	at org.apache.catalina.startup.Catalina$CatalinaShutdownHook.run(Catalina.java:908)

Mai 05, 2014 3:45:08 PM org.apache.coyote.AbstractProtocol destroy
INFO: Destroying ProtocolHandler ["ajp-bio-8009"]
Mai 05, 2014 3:45:19 PM org.apache.catalina.core.AprLifecycleListener init
INFO: The APR based Apache Tomcat Native library which allows optimal performance in production environments was not found on the java.library.path: /Users/adrianbertschi/Library/Java/Extensions:/Library/Java/Extensions:/Network/Library/Java/Extensions:/System/Library/Java/Extensions:/usr/lib/java:.
Mai 05, 2014 3:45:20 PM org.apache.catalina.startup.SetAllPropertiesRule begin
WARNING: [SetAllPropertiesRule]{Server/Service/Connector} Setting property 'maxSpareThreads' to '75' did not find a matching property.
Mai 05, 2014 3:45:20 PM org.apache.catalina.startup.SetAllPropertiesRule begin
WARNING: [SetAllPropertiesRule]{Server/Service/Connector} Setting property 'SSLVerifyClient' to 'require' did not find a matching property.
Mai 05, 2014 3:45:20 PM org.apache.catalina.startup.SetAllPropertiesRule begin
WARNING: [SetAllPropertiesRule]{Server/Service/Connector} Setting property 'SSLEngine' to 'on' did not find a matching property.
Mai 05, 2014 3:45:20 PM org.apache.catalina.startup.SetAllPropertiesRule begin
WARNING: [SetAllPropertiesRule]{Server/Service/Connector} Setting property 'SSLVerifyDepth' to '2' did not find a matching property.
Mai 05, 2014 3:45:20 PM org.apache.coyote.AbstractProtocol init
INFO: Initializing ProtocolHandler ["http-bio-8080"]
Mai 05, 2014 3:45:20 PM org.apache.coyote.AbstractProtocol init
INFO: Initializing ProtocolHandler ["http-bio-8443"]
Mai 05, 2014 3:45:20 PM org.apache.coyote.AbstractProtocol init
INFO: Initializing ProtocolHandler ["http-bio-8443"]
Mai 05, 2014 3:45:20 PM org.apache.coyote.AbstractProtocol init
SEVERE: Failed to initialize end point associated with ProtocolHandler ["http-bio-8443"]
java.net.BindException: Address already in use <null>:8443
	at org.apache.tomcat.util.net.JIoEndpoint.bind(JIoEndpoint.java:410)
	at org.apache.tomcat.util.net.AbstractEndpoint.init(AbstractEndpoint.java:640)
	at org.apache.coyote.AbstractProtocol.init(AbstractProtocol.java:434)
	at org.apache.coyote.http11.AbstractHttp11JsseProtocol.init(AbstractHttp11JsseProtocol.java:119)
	at org.apache.catalina.connector.Connector.initInternal(Connector.java:978)
	at org.apache.catalina.util.LifecycleBase.init(LifecycleBase.java:102)
	at org.apache.catalina.core.StandardService.initInternal(StandardService.java:559)
	at org.apache.catalina.util.LifecycleBase.init(LifecycleBase.java:102)
	at org.apache.catalina.core.StandardServer.initInternal(StandardServer.java:813)
	at org.apache.catalina.util.LifecycleBase.init(LifecycleBase.java:102)
	at org.apache.catalina.startup.Catalina.load(Catalina.java:638)
	at org.apache.catalina.startup.Catalina.load(Catalina.java:663)
	at sun.reflect.NativeMethodAccessorImpl.invoke0(Native Method)
	at sun.reflect.NativeMethodAccessorImpl.invoke(NativeMethodAccessorImpl.java:57)
	at sun.reflect.DelegatingMethodAccessorImpl.invoke(DelegatingMethodAccessorImpl.java:43)
	at java.lang.reflect.Method.invoke(Method.java:601)
	at org.apache.catalina.startup.Bootstrap.load(Bootstrap.java:280)
	at org.apache.catalina.startup.Bootstrap.main(Bootstrap.java:454)
Caused by: java.net.BindException: Address already in use
	at java.net.PlainSocketImpl.socketBind(Native Method)
	at java.net.AbstractPlainSocketImpl.bind(AbstractPlainSocketImpl.java:376)
	at java.net.ServerSocket.bind(ServerSocket.java:376)
	at java.net.ServerSocket.<init>(ServerSocket.java:237)
	at java.net.ServerSocket.<init>(ServerSocket.java:181)
	at javax.net.ssl.SSLServerSocket.<init>(SSLServerSocket.java:136)
	at sun.security.ssl.SSLServerSocketImpl.<init>(SSLServerSocketImpl.java:107)
	at sun.security.ssl.SSLServerSocketFactoryImpl.createServerSocket(SSLServerSocketFactoryImpl.java:84)
	at org.apache.tomcat.util.net.jsse.JSSESocketFactory.createSocket(JSSESocketFactory.java:182)
	at org.apache.tomcat.util.net.JIoEndpoint.bind(JIoEndpoint.java:397)
	... 17 more

Mai 05, 2014 3:45:20 PM org.apache.catalina.core.StandardService initInternal
SEVERE: Failed to initialize connector [Connector[HTTP/1.1-8443]]
org.apache.catalina.LifecycleException: Failed to initialize component [Connector[HTTP/1.1-8443]]
	at org.apache.catalina.util.LifecycleBase.init(LifecycleBase.java:106)
	at org.apache.catalina.core.StandardService.initInternal(StandardService.java:559)
	at org.apache.catalina.util.LifecycleBase.init(LifecycleBase.java:102)
	at org.apache.catalina.core.StandardServer.initInternal(StandardServer.java:813)
	at org.apache.catalina.util.LifecycleBase.init(LifecycleBase.java:102)
	at org.apache.catalina.startup.Catalina.load(Catalina.java:638)
	at org.apache.catalina.startup.Catalina.load(Catalina.java:663)
	at sun.reflect.NativeMethodAccessorImpl.invoke0(Native Method)
	at sun.reflect.NativeMethodAccessorImpl.invoke(NativeMethodAccessorImpl.java:57)
	at sun.reflect.DelegatingMethodAccessorImpl.invoke(DelegatingMethodAccessorImpl.java:43)
	at java.lang.reflect.Method.invoke(Method.java:601)
	at org.apache.catalina.startup.Bootstrap.load(Bootstrap.java:280)
	at org.apache.catalina.startup.Bootstrap.main(Bootstrap.java:454)
Caused by: org.apache.catalina.LifecycleException: Protocol handler initialization failed
	at org.apache.catalina.connector.Connector.initInternal(Connector.java:980)
	at org.apache.catalina.util.LifecycleBase.init(LifecycleBase.java:102)
	... 12 more
Caused by: java.net.BindException: Address already in use <null>:8443
	at org.apache.tomcat.util.net.JIoEndpoint.bind(JIoEndpoint.java:410)
	at org.apache.tomcat.util.net.AbstractEndpoint.init(AbstractEndpoint.java:640)
	at org.apache.coyote.AbstractProtocol.init(AbstractProtocol.java:434)
	at org.apache.coyote.http11.AbstractHttp11JsseProtocol.init(AbstractHttp11JsseProtocol.java:119)
	at org.apache.catalina.connector.Connector.initInternal(Connector.java:978)
	... 13 more
Caused by: java.net.BindException: Address already in use
	at java.net.PlainSocketImpl.socketBind(Native Method)
	at java.net.AbstractPlainSocketImpl.bind(AbstractPlainSocketImpl.java:376)
	at java.net.ServerSocket.bind(ServerSocket.java:376)
	at java.net.ServerSocket.<init>(ServerSocket.java:237)
	at java.net.ServerSocket.<init>(ServerSocket.java:181)
	at javax.net.ssl.SSLServerSocket.<init>(SSLServerSocket.java:136)
	at sun.security.ssl.SSLServerSocketImpl.<init>(SSLServerSocketImpl.java:107)
	at sun.security.ssl.SSLServerSocketFactoryImpl.createServerSocket(SSLServerSocketFactoryImpl.java:84)
	at org.apache.tomcat.util.net.jsse.JSSESocketFactory.createSocket(JSSESocketFactory.java:182)
	at org.apache.tomcat.util.net.JIoEndpoint.bind(JIoEndpoint.java:397)
	... 17 more

Mai 05, 2014 3:45:20 PM org.apache.coyote.AbstractProtocol init
INFO: Initializing ProtocolHandler ["ajp-bio-8009"]
Mai 05, 2014 3:45:20 PM org.apache.catalina.startup.Catalina load
INFO: Initialization processed in 977 ms
Mai 05, 2014 3:45:20 PM org.apache.catalina.core.StandardService startInternal
INFO: Starting service Catalina
Mai 05, 2014 3:45:20 PM org.apache.catalina.core.StandardEngine startInternal
INFO: Starting Servlet Engine: Apache Tomcat/7.0.53
Mai 05, 2014 3:45:20 PM org.apache.catalina.startup.HostConfig deployDirectory
INFO: Deploying web application directory /Users/adrianbertschi/Documents/Work/Projects/ZHAW/VSY/P5/apache-tomcat-7.0.53/webapps/docs
Mai 05, 2014 3:45:21 PM org.apache.catalina.startup.HostConfig deployDirectory
INFO: Deploying web application directory /Users/adrianbertschi/Documents/Work/Projects/ZHAW/VSY/P5/apache-tomcat-7.0.53/webapps/examples
Mai 05, 2014 3:45:21 PM org.apache.catalina.startup.HostConfig deployDirectory
INFO: Deploying web application directory /Users/adrianbertschi/Documents/Work/Projects/ZHAW/VSY/P5/apache-tomcat-7.0.53/webapps/host-manager
Mai 05, 2014 3:45:21 PM org.apache.catalina.startup.HostConfig deployDirectory
INFO: Deploying web application directory /Users/adrianbertschi/Documents/Work/Projects/ZHAW/VSY/P5/apache-tomcat-7.0.53/webapps/manager
Mai 05, 2014 3:45:21 PM org.apache.catalina.startup.HostConfig deployDirectory
INFO: Deploying web application directory /Users/adrianbertschi/Documents/Work/Projects/ZHAW/VSY/P5/apache-tomcat-7.0.53/webapps/ROOT
Mai 05, 2014 3:45:22 PM org.apache.coyote.AbstractProtocol start
INFO: Starting ProtocolHandler ["http-bio-8080"]
Mai 05, 2014 3:45:22 PM org.apache.coyote.AbstractProtocol start
INFO: Starting ProtocolHandler ["http-bio-8443"]
Mai 05, 2014 3:45:22 PM org.apache.coyote.AbstractProtocol start
INFO: Starting ProtocolHandler ["ajp-bio-8009"]
Mai 05, 2014 3:45:22 PM org.apache.catalina.startup.Catalina start
INFO: Server startup in 1523 ms
Mai 05, 2014 3:45:53 PM org.apache.coyote.AbstractProtocol pause
INFO: Pausing ProtocolHandler ["http-bio-8080"]
Mai 05, 2014 3:45:53 PM org.apache.coyote.AbstractProtocol pause
INFO: Pausing ProtocolHandler ["http-bio-8443"]
Mai 05, 2014 3:45:53 PM org.apache.coyote.AbstractProtocol pause
INFO: Pausing ProtocolHandler ["http-bio-8443"]
Mai 05, 2014 3:45:53 PM org.apache.coyote.AbstractProtocol pause
INFO: Pausing ProtocolHandler ["ajp-bio-8009"]
Mai 05, 2014 3:45:53 PM org.apache.catalina.core.StandardService stopInternal
INFO: Stopping service Catalina
Mai 05, 2014 3:45:53 PM org.apache.coyote.AbstractProtocol stop
INFO: Stopping ProtocolHandler ["http-bio-8080"]
Mai 05, 2014 3:45:53 PM org.apache.coyote.AbstractProtocol stop
INFO: Stopping ProtocolHandler ["http-bio-8443"]
Mai 05, 2014 3:45:53 PM org.apache.coyote.AbstractProtocol stop
INFO: Stopping ProtocolHandler ["ajp-bio-8009"]
Mai 05, 2014 3:45:53 PM org.apache.coyote.AbstractProtocol destroy
INFO: Destroying ProtocolHandler ["http-bio-8080"]
Mai 05, 2014 3:45:53 PM org.apache.coyote.AbstractProtocol destroy
INFO: Destroying ProtocolHandler ["http-bio-8443"]
Mai 05, 2014 3:45:53 PM org.apache.coyote.AbstractProtocol stop
INFO: Stopping ProtocolHandler ["http-bio-8443"]
Mai 05, 2014 3:45:53 PM org.apache.coyote.AbstractProtocol destroy
INFO: Destroying ProtocolHandler ["http-bio-8443"]
Mai 05, 2014 3:45:53 PM org.apache.catalina.util.LifecycleMBeanBase unregister
WARNING: Failed to unregister MBean with name [Catalina:type=Connector,port=8443] during component destruction
javax.management.InstanceNotFoundException: Catalina:type=Connector,port=8443
	at com.sun.jmx.interceptor.DefaultMBeanServerInterceptor.getMBean(DefaultMBeanServerInterceptor.java:1095)
	at com.sun.jmx.interceptor.DefaultMBeanServerInterceptor.exclusiveUnregisterMBean(DefaultMBeanServerInterceptor.java:427)
	at com.sun.jmx.interceptor.DefaultMBeanServerInterceptor.unregisterMBean(DefaultMBeanServerInterceptor.java:415)
	at com.sun.jmx.mbeanserver.JmxMBeanServer.unregisterMBean(JmxMBeanServer.java:537)
	at org.apache.catalina.util.LifecycleMBeanBase.unregister(LifecycleMBeanBase.java:194)
	at org.apache.catalina.util.LifecycleMBeanBase.destroyInternal(LifecycleMBeanBase.java:73)
	at org.apache.catalina.connector.Connector.destroyInternal(Connector.java:1061)
	at org.apache.catalina.util.LifecycleBase.destroy(LifecycleBase.java:305)
	at org.apache.catalina.core.StandardService.destroyInternal(StandardService.java:578)
	at org.apache.catalina.util.LifecycleBase.destroy(LifecycleBase.java:305)
	at org.apache.catalina.core.StandardServer.destroyInternal(StandardServer.java:821)
	at org.apache.catalina.util.LifecycleBase.destroy(LifecycleBase.java:305)
	at org.apache.catalina.startup.Catalina.stop(Catalina.java:763)
	at org.apache.catalina.startup.Catalina$CatalinaShutdownHook.run(Catalina.java:908)

Mai 05, 2014 3:45:53 PM org.apache.coyote.AbstractProtocol destroy
INFO: Destroying ProtocolHandler ["ajp-bio-8009"]
Mai 05, 2014 3:45:54 PM org.apache.catalina.core.AprLifecycleListener init
INFO: The APR based Apache Tomcat Native library which allows optimal performance in production environments was not found on the java.library.path: /Users/adrianbertschi/Library/Java/Extensions:/Library/Java/Extensions:/Network/Library/Java/Extensions:/System/Library/Java/Extensions:/usr/lib/java:.
Mai 05, 2014 3:45:55 PM org.apache.catalina.startup.SetAllPropertiesRule begin
WARNING: [SetAllPropertiesRule]{Server/Service/Connector} Setting property 'maxSpareThreads' to '75' did not find a matching property.
Mai 05, 2014 3:45:55 PM org.apache.catalina.startup.SetAllPropertiesRule begin
WARNING: [SetAllPropertiesRule]{Server/Service/Connector} Setting property 'SSLVerifyClient' to 'require' did not find a matching property.
Mai 05, 2014 3:45:55 PM org.apache.catalina.startup.SetAllPropertiesRule begin
WARNING: [SetAllPropertiesRule]{Server/Service/Connector} Setting property 'SSLEngine' to 'on' did not find a matching property.
Mai 05, 2014 3:45:55 PM org.apache.catalina.startup.SetAllPropertiesRule begin
WARNING: [SetAllPropertiesRule]{Server/Service/Connector} Setting property 'SSLVerifyDepth' to '2' did not find a matching property.
Mai 05, 2014 3:45:55 PM org.apache.coyote.AbstractProtocol init
INFO: Initializing ProtocolHandler ["http-bio-8080"]
Mai 05, 2014 3:45:55 PM org.apache.coyote.AbstractProtocol init
INFO: Initializing ProtocolHandler ["http-bio-8443"]
Mai 05, 2014 3:45:55 PM org.apache.coyote.AbstractProtocol init
INFO: Initializing ProtocolHandler ["ajp-bio-8009"]
Mai 05, 2014 3:45:55 PM org.apache.catalina.startup.Catalina load
INFO: Initialization processed in 1010 ms
Mai 05, 2014 3:45:55 PM org.apache.catalina.core.StandardService startInternal
INFO: Starting service Catalina
Mai 05, 2014 3:45:55 PM org.apache.catalina.core.StandardEngine startInternal
INFO: Starting Servlet Engine: Apache Tomcat/7.0.53
Mai 05, 2014 3:45:55 PM org.apache.catalina.startup.HostConfig deployDirectory
INFO: Deploying web application directory /Users/adrianbertschi/Documents/Work/Projects/ZHAW/VSY/P5/apache-tomcat-7.0.53/webapps/docs
Mai 05, 2014 3:45:56 PM org.apache.catalina.startup.HostConfig deployDirectory
INFO: Deploying web application directory /Users/adrianbertschi/Documents/Work/Projects/ZHAW/VSY/P5/apache-tomcat-7.0.53/webapps/examples
Mai 05, 2014 3:45:57 PM org.apache.catalina.startup.HostConfig deployDirectory
INFO: Deploying web application directory /Users/adrianbertschi/Documents/Work/Projects/ZHAW/VSY/P5/apache-tomcat-7.0.53/webapps/host-manager
Mai 05, 2014 3:45:57 PM org.apache.catalina.startup.HostConfig deployDirectory
INFO: Deploying web application directory /Users/adrianbertschi/Documents/Work/Projects/ZHAW/VSY/P5/apache-tomcat-7.0.53/webapps/manager
Mai 05, 2014 3:45:57 PM org.apache.catalina.startup.HostConfig deployDirectory
INFO: Deploying web application directory /Users/adrianbertschi/Documents/Work/Projects/ZHAW/VSY/P5/apache-tomcat-7.0.53/webapps/ROOT
Mai 05, 2014 3:45:57 PM org.apache.coyote.AbstractProtocol start
INFO: Starting ProtocolHandler ["http-bio-8080"]
Mai 05, 2014 3:45:57 PM org.apache.coyote.AbstractProtocol start
INFO: Starting ProtocolHandler ["http-bio-8443"]
Mai 05, 2014 3:45:57 PM org.apache.coyote.AbstractProtocol start
INFO: Starting ProtocolHandler ["ajp-bio-8009"]
Mai 05, 2014 3:45:57 PM org.apache.catalina.startup.Catalina start
INFO: Server startup in 2076 ms
Mai 05, 2014 3:46:29 PM org.apache.coyote.http11.AbstractHttp11Processor process
INFO: Error parsing HTTP request header
 Note: further occurrences of HTTP header parsing errors will be logged at DEBUG level.
Mai 05, 2014 3:46:29 PM org.apache.coyote.http11.AbstractHttp11Processor process
INFO: Error parsing HTTP request header
 Note: further occurrences of HTTP header parsing errors will be logged at DEBUG level.
Mai 05, 2014 3:46:48 PM org.apache.coyote.AbstractProtocol pause
INFO: Pausing ProtocolHandler ["http-bio-8080"]
Mai 05, 2014 3:46:49 PM org.apache.coyote.AbstractProtocol pause
INFO: Pausing ProtocolHandler ["http-bio-8443"]
Mai 05, 2014 3:46:49 PM org.apache.coyote.AbstractProtocol pause
INFO: Pausing ProtocolHandler ["ajp-bio-8009"]
Mai 05, 2014 3:46:49 PM org.apache.catalina.core.StandardService stopInternal
INFO: Stopping service Catalina
Mai 05, 2014 3:46:49 PM org.apache.coyote.AbstractProtocol stop
INFO: Stopping ProtocolHandler ["http-bio-8080"]
Mai 05, 2014 3:46:49 PM org.apache.coyote.AbstractProtocol stop
INFO: Stopping ProtocolHandler ["http-bio-8443"]
Mai 05, 2014 3:46:49 PM org.apache.coyote.AbstractProtocol stop
INFO: Stopping ProtocolHandler ["ajp-bio-8009"]
Mai 05, 2014 3:46:49 PM org.apache.coyote.AbstractProtocol destroy
INFO: Destroying ProtocolHandler ["http-bio-8080"]
Mai 05, 2014 3:46:49 PM org.apache.coyote.AbstractProtocol destroy
INFO: Destroying ProtocolHandler ["http-bio-8443"]
Mai 05, 2014 3:46:49 PM org.apache.coyote.AbstractProtocol destroy
INFO: Destroying ProtocolHandler ["ajp-bio-8009"]
Mai 05, 2014 3:47:17 PM org.apache.catalina.core.AprLifecycleListener init
INFO: The APR based Apache Tomcat Native library which allows optimal performance in production environments was not found on the java.library.path: /Users/adrianbertschi/Library/Java/Extensions:/Library/Java/Extensions:/Network/Library/Java/Extensions:/System/Library/Java/Extensions:/usr/lib/java:.
Mai 05, 2014 3:47:17 PM org.apache.coyote.AbstractProtocol init
INFO: Initializing ProtocolHandler ["http-bio-8080"]
Mai 05, 2014 3:47:17 PM org.apache.coyote.AbstractProtocol init
INFO: Initializing ProtocolHandler ["http-bio-8443"]
Mai 05, 2014 3:47:18 PM org.apache.coyote.AbstractProtocol init
INFO: Initializing ProtocolHandler ["ajp-bio-8009"]
Mai 05, 2014 3:47:18 PM org.apache.catalina.startup.Catalina load
INFO: Initialization processed in 1264 ms
Mai 05, 2014 3:47:18 PM org.apache.catalina.core.StandardService startInternal
INFO: Starting service Catalina
Mai 05, 2014 3:47:18 PM org.apache.catalina.core.StandardEngine startInternal
INFO: Starting Servlet Engine: Apache Tomcat/7.0.53
Mai 05, 2014 3:47:18 PM org.apache.catalina.startup.HostConfig deployDirectory
INFO: Deploying web application directory /Users/adrianbertschi/Documents/Work/Projects/ZHAW/VSY/P5/apache-tomcat-7.0.53/webapps/docs
Mai 05, 2014 3:47:18 PM org.apache.catalina.startup.HostConfig deployDirectory
INFO: Deploying web application directory /Users/adrianbertschi/Documents/Work/Projects/ZHAW/VSY/P5/apache-tomcat-7.0.53/webapps/examples
Mai 05, 2014 3:47:20 PM org.apache.catalina.startup.HostConfig deployDirectory
INFO: Deploying web application directory /Users/adrianbertschi/Documents/Work/Projects/ZHAW/VSY/P5/apache-tomcat-7.0.53/webapps/host-manager
Mai 05, 2014 3:47:20 PM org.apache.catalina.startup.HostConfig deployDirectory
INFO: Deploying web application directory /Users/adrianbertschi/Documents/Work/Projects/ZHAW/VSY/P5/apache-tomcat-7.0.53/webapps/manager
Mai 05, 2014 3:47:20 PM org.apache.catalina.startup.HostConfig deployDirectory
INFO: Deploying web application directory /Users/adrianbertschi/Documents/Work/Projects/ZHAW/VSY/P5/apache-tomcat-7.0.53/webapps/ROOT
Mai 05, 2014 3:47:20 PM org.apache.coyote.AbstractProtocol start
INFO: Starting ProtocolHandler ["http-bio-8080"]
Mai 05, 2014 3:47:20 PM org.apache.coyote.AbstractProtocol start
INFO: Starting ProtocolHandler ["http-bio-8443"]
Mai 05, 2014 3:47:20 PM org.apache.coyote.AbstractProtocol start
INFO: Starting ProtocolHandler ["ajp-bio-8009"]
Mai 05, 2014 3:47:20 PM org.apache.catalina.startup.Catalina start
INFO: Server startup in 2425 ms
Mai 05, 2014 3:48:11 PM org.apache.coyote.AbstractProtocol pause
INFO: Pausing ProtocolHandler ["http-bio-8080"]
Mai 05, 2014 3:48:11 PM org.apache.coyote.AbstractProtocol pause
INFO: Pausing ProtocolHandler ["http-bio-8443"]
Mai 05, 2014 3:48:11 PM org.apache.coyote.AbstractProtocol pause
INFO: Pausing ProtocolHandler ["ajp-bio-8009"]
Mai 05, 2014 3:48:11 PM org.apache.catalina.core.StandardService stopInternal
INFO: Stopping service Catalina
Mai 05, 2014 3:48:12 PM org.apache.coyote.AbstractProtocol stop
INFO: Stopping ProtocolHandler ["http-bio-8080"]
Mai 05, 2014 3:48:12 PM org.apache.coyote.AbstractProtocol stop
INFO: Stopping ProtocolHandler ["http-bio-8443"]
Mai 05, 2014 3:48:12 PM org.apache.coyote.AbstractProtocol stop
INFO: Stopping ProtocolHandler ["ajp-bio-8009"]
Mai 05, 2014 3:48:12 PM org.apache.coyote.AbstractProtocol destroy
INFO: Destroying ProtocolHandler ["http-bio-8080"]
Mai 05, 2014 3:48:12 PM org.apache.coyote.AbstractProtocol destroy
INFO: Destroying ProtocolHandler ["http-bio-8443"]
Mai 05, 2014 3:48:12 PM org.apache.coyote.AbstractProtocol destroy
INFO: Destroying ProtocolHandler ["ajp-bio-8009"]
Mai 05, 2014 3:49:37 PM org.apache.catalina.core.AprLifecycleListener init
INFO: The APR based Apache Tomcat Native library which allows optimal performance in production environments was not found on the java.library.path: /Users/adrianbertschi/Library/Java/Extensions:/Library/Java/Extensions:/Network/Library/Java/Extensions:/System/Library/Java/Extensions:/usr/lib/java:.
Mai 05, 2014 3:49:39 PM org.apache.coyote.AbstractProtocol init
INFO: Initializing ProtocolHandler ["http-bio-8080"]
Mai 05, 2014 3:49:39 PM org.apache.coyote.AbstractProtocol init
INFO: Initializing ProtocolHandler ["http-bio-8443"]
Mai 05, 2014 3:49:42 PM org.apache.coyote.AbstractProtocol init
INFO: Initializing ProtocolHandler ["ajp-bio-8009"]
Mai 05, 2014 3:49:42 PM org.apache.catalina.startup.Catalina load
INFO: Initialization processed in 7324 ms
Mai 05, 2014 3:49:42 PM org.apache.catalina.core.StandardService startInternal
INFO: Starting service Catalina
Mai 05, 2014 3:49:42 PM org.apache.catalina.core.StandardEngine startInternal
INFO: Starting Servlet Engine: Apache Tomcat/7.0.53
Mai 05, 2014 3:49:42 PM org.apache.catalina.startup.HostConfig deployDirectory
INFO: Deploying web application directory /Users/adrianbertschi/Documents/Work/Projects/ZHAW/VSY/P5/apache-tomcat-7.0.53/webapps/docs
Mai 05, 2014 3:49:45 PM org.apache.catalina.startup.HostConfig deployDirectory
INFO: Deploying web application directory /Users/adrianbertschi/Documents/Work/Projects/ZHAW/VSY/P5/apache-tomcat-7.0.53/webapps/examples
Mai 05, 2014 3:49:48 PM org.apache.catalina.startup.HostConfig deployDirectory
INFO: Deploying web application directory /Users/adrianbertschi/Documents/Work/Projects/ZHAW/VSY/P5/apache-tomcat-7.0.53/webapps/host-manager
Mai 05, 2014 3:49:48 PM org.apache.catalina.startup.HostConfig deployDirectory
INFO: Deploying web application directory /Users/adrianbertschi/Documents/Work/Projects/ZHAW/VSY/P5/apache-tomcat-7.0.53/webapps/manager
Mai 05, 2014 3:49:48 PM org.apache.catalina.startup.HostConfig deployDirectory
INFO: Deploying web application directory /Users/adrianbertschi/Documents/Work/Projects/ZHAW/VSY/P5/apache-tomcat-7.0.53/webapps/ROOT
Mai 05, 2014 3:49:49 PM org.apache.coyote.AbstractProtocol start
INFO: Starting ProtocolHandler ["http-bio-8080"]
Mai 05, 2014 3:49:49 PM org.apache.coyote.AbstractProtocol start
INFO: Starting ProtocolHandler ["http-bio-8443"]
Mai 05, 2014 3:49:49 PM org.apache.coyote.AbstractProtocol start
INFO: Starting ProtocolHandler ["ajp-bio-8009"]
Mai 05, 2014 3:49:49 PM org.apache.catalina.startup.Catalina start
INFO: Server startup in 7142 ms
Mai 05, 2014 3:52:26 PM org.apache.coyote.AbstractProtocol pause
INFO: Pausing ProtocolHandler ["http-bio-8080"]
Mai 05, 2014 3:52:26 PM org.apache.coyote.AbstractProtocol pause
INFO: Pausing ProtocolHandler ["http-bio-8443"]
Mai 05, 2014 3:52:26 PM org.apache.coyote.AbstractProtocol pause
INFO: Pausing ProtocolHandler ["ajp-bio-8009"]
Mai 05, 2014 3:52:26 PM org.apache.catalina.core.StandardService stopInternal
INFO: Stopping service Catalina
Mai 05, 2014 3:52:26 PM org.apache.coyote.AbstractProtocol stop
INFO: Stopping ProtocolHandler ["http-bio-8080"]
Mai 05, 2014 3:52:26 PM org.apache.coyote.AbstractProtocol stop
INFO: Stopping ProtocolHandler ["http-bio-8443"]
Mai 05, 2014 3:52:26 PM org.apache.coyote.AbstractProtocol stop
INFO: Stopping ProtocolHandler ["ajp-bio-8009"]
Mai 05, 2014 3:52:26 PM org.apache.coyote.AbstractProtocol destroy
INFO: Destroying ProtocolHandler ["http-bio-8080"]
Mai 05, 2014 3:52:26 PM org.apache.coyote.AbstractProtocol destroy
INFO: Destroying ProtocolHandler ["http-bio-8443"]
Mai 05, 2014 3:52:26 PM org.apache.coyote.AbstractProtocol destroy
INFO: Destroying ProtocolHandler ["ajp-bio-8009"]
Mai 05, 2014 3:52:30 PM org.apache.catalina.core.AprLifecycleListener init
INFO: The APR based Apache Tomcat Native library which allows optimal performance in production environments was not found on the java.library.path: /Users/adrianbertschi/Library/Java/Extensions:/Library/Java/Extensions:/Network/Library/Java/Extensions:/System/Library/Java/Extensions:/usr/lib/java:.
Mai 05, 2014 3:52:30 PM org.apache.tomcat.util.net.AbstractEndpoint adjustRelativePath
WARNING: configured file:[/Users/adrianbertschi/Documents/Work/Projects/ZHAW/VSY/P5/apache-tomcat-7.0.53/../../server.jks] does not exist.
Mai 05, 2014 3:52:30 PM org.apache.tomcat.util.net.AbstractEndpoint adjustRelativePath
WARNING: configured file:[/Users/adrianbertschi/Documents/Work/Projects/ZHAW/VSY/P5/apache-tomcat-7.0.53/../../server.jks] does not exist.
Mai 05, 2014 3:52:30 PM org.apache.coyote.AbstractProtocol init
INFO: Initializing ProtocolHandler ["http-bio-8080"]
Mai 05, 2014 3:52:30 PM org.apache.coyote.AbstractProtocol init
INFO: Initializing ProtocolHandler ["http-bio-8443"]
Mai 05, 2014 3:52:30 PM org.apache.tomcat.util.net.jsse.JSSESocketFactory getStore
SEVERE: Failed to load keystore type JKS with path /Users/adrianbertschi/Documents/Work/Projects/ZHAW/VSY/P5/apache-tomcat-7.0.53/../../server.jks due to /Users/adrianbertschi/Documents/Work/Projects/ZHAW/VSY/P5/apache-tomcat-7.0.53/../../server.jks (No such file or directory)
java.io.FileNotFoundException: /Users/adrianbertschi/Documents/Work/Projects/ZHAW/VSY/P5/apache-tomcat-7.0.53/../../server.jks (No such file or directory)
	at java.io.FileInputStream.open(Native Method)
	at java.io.FileInputStream.<init>(FileInputStream.java:138)
	at org.apache.tomcat.util.net.jsse.JSSESocketFactory.getStore(JSSESocketFactory.java:385)
	at org.apache.tomcat.util.net.jsse.JSSESocketFactory.getKeystore(JSSESocketFactory.java:291)
	at org.apache.tomcat.util.net.jsse.JSSESocketFactory.getKeyManagers(JSSESocketFactory.java:549)
	at org.apache.tomcat.util.net.jsse.JSSESocketFactory.getKeyManagers(JSSESocketFactory.java:489)
	at org.apache.tomcat.util.net.jsse.JSSESocketFactory.init(JSSESocketFactory.java:434)
	at org.apache.tomcat.util.net.jsse.JSSESocketFactory.createSocket(JSSESocketFactory.java:181)
	at org.apache.tomcat.util.net.JIoEndpoint.bind(JIoEndpoint.java:397)
	at org.apache.tomcat.util.net.AbstractEndpoint.init(AbstractEndpoint.java:640)
	at org.apache.coyote.AbstractProtocol.init(AbstractProtocol.java:434)
	at org.apache.coyote.http11.AbstractHttp11JsseProtocol.init(AbstractHttp11JsseProtocol.java:119)
	at org.apache.catalina.connector.Connector.initInternal(Connector.java:978)
	at org.apache.catalina.util.LifecycleBase.init(LifecycleBase.java:102)
	at org.apache.catalina.core.StandardService.initInternal(StandardService.java:559)
	at org.apache.catalina.util.LifecycleBase.init(LifecycleBase.java:102)
	at org.apache.catalina.core.StandardServer.initInternal(StandardServer.java:813)
	at org.apache.catalina.util.LifecycleBase.init(LifecycleBase.java:102)
	at org.apache.catalina.startup.Catalina.load(Catalina.java:638)
	at org.apache.catalina.startup.Catalina.load(Catalina.java:663)
	at sun.reflect.NativeMethodAccessorImpl.invoke0(Native Method)
	at sun.reflect.NativeMethodAccessorImpl.invoke(NativeMethodAccessorImpl.java:57)
	at sun.reflect.DelegatingMethodAccessorImpl.invoke(DelegatingMethodAccessorImpl.java:43)
	at java.lang.reflect.Method.invoke(Method.java:601)
	at org.apache.catalina.startup.Bootstrap.load(Bootstrap.java:280)
	at org.apache.catalina.startup.Bootstrap.main(Bootstrap.java:454)

Mai 05, 2014 3:52:30 PM org.apache.coyote.AbstractProtocol init
SEVERE: Failed to initialize end point associated with ProtocolHandler ["http-bio-8443"]
java.io.FileNotFoundException: /Users/adrianbertschi/Documents/Work/Projects/ZHAW/VSY/P5/apache-tomcat-7.0.53/../../server.jks (No such file or directory)
	at java.io.FileInputStream.open(Native Method)
	at java.io.FileInputStream.<init>(FileInputStream.java:138)
	at org.apache.tomcat.util.net.jsse.JSSESocketFactory.getStore(JSSESocketFactory.java:385)
	at org.apache.tomcat.util.net.jsse.JSSESocketFactory.getKeystore(JSSESocketFactory.java:291)
	at org.apache.tomcat.util.net.jsse.JSSESocketFactory.getKeyManagers(JSSESocketFactory.java:549)
	at org.apache.tomcat.util.net.jsse.JSSESocketFactory.getKeyManagers(JSSESocketFactory.java:489)
	at org.apache.tomcat.util.net.jsse.JSSESocketFactory.init(JSSESocketFactory.java:434)
	at org.apache.tomcat.util.net.jsse.JSSESocketFactory.createSocket(JSSESocketFactory.java:181)
	at org.apache.tomcat.util.net.JIoEndpoint.bind(JIoEndpoint.java:397)
	at org.apache.tomcat.util.net.AbstractEndpoint.init(AbstractEndpoint.java:640)
	at org.apache.coyote.AbstractProtocol.init(AbstractProtocol.java:434)
	at org.apache.coyote.http11.AbstractHttp11JsseProtocol.init(AbstractHttp11JsseProtocol.java:119)
	at org.apache.catalina.connector.Connector.initInternal(Connector.java:978)
	at org.apache.catalina.util.LifecycleBase.init(LifecycleBase.java:102)
	at org.apache.catalina.core.StandardService.initInternal(StandardService.java:559)
	at org.apache.catalina.util.LifecycleBase.init(LifecycleBase.java:102)
	at org.apache.catalina.core.StandardServer.initInternal(StandardServer.java:813)
	at org.apache.catalina.util.LifecycleBase.init(LifecycleBase.java:102)
	at org.apache.catalina.startup.Catalina.load(Catalina.java:638)
	at org.apache.catalina.startup.Catalina.load(Catalina.java:663)
	at sun.reflect.NativeMethodAccessorImpl.invoke0(Native Method)
	at sun.reflect.NativeMethodAccessorImpl.invoke(NativeMethodAccessorImpl.java:57)
	at sun.reflect.DelegatingMethodAccessorImpl.invoke(DelegatingMethodAccessorImpl.java:43)
	at java.lang.reflect.Method.invoke(Method.java:601)
	at org.apache.catalina.startup.Bootstrap.load(Bootstrap.java:280)
	at org.apache.catalina.startup.Bootstrap.main(Bootstrap.java:454)

Mai 05, 2014 3:52:30 PM org.apache.catalina.core.StandardService initInternal
SEVERE: Failed to initialize connector [Connector[HTTP/1.1-8443]]
org.apache.catalina.LifecycleException: Failed to initialize component [Connector[HTTP/1.1-8443]]
	at org.apache.catalina.util.LifecycleBase.init(LifecycleBase.java:106)
	at org.apache.catalina.core.StandardService.initInternal(StandardService.java:559)
	at org.apache.catalina.util.LifecycleBase.init(LifecycleBase.java:102)
	at org.apache.catalina.core.StandardServer.initInternal(StandardServer.java:813)
	at org.apache.catalina.util.LifecycleBase.init(LifecycleBase.java:102)
	at org.apache.catalina.startup.Catalina.load(Catalina.java:638)
	at org.apache.catalina.startup.Catalina.load(Catalina.java:663)
	at sun.reflect.NativeMethodAccessorImpl.invoke0(Native Method)
	at sun.reflect.NativeMethodAccessorImpl.invoke(NativeMethodAccessorImpl.java:57)
	at sun.reflect.DelegatingMethodAccessorImpl.invoke(DelegatingMethodAccessorImpl.java:43)
	at java.lang.reflect.Method.invoke(Method.java:601)
	at org.apache.catalina.startup.Bootstrap.load(Bootstrap.java:280)
	at org.apache.catalina.startup.Bootstrap.main(Bootstrap.java:454)
Caused by: org.apache.catalina.LifecycleException: Protocol handler initialization failed
	at org.apache.catalina.connector.Connector.initInternal(Connector.java:980)
	at org.apache.catalina.util.LifecycleBase.init(LifecycleBase.java:102)
	... 12 more
Caused by: java.io.FileNotFoundException: /Users/adrianbertschi/Documents/Work/Projects/ZHAW/VSY/P5/apache-tomcat-7.0.53/../../server.jks (No such file or directory)
	at java.io.FileInputStream.open(Native Method)
	at java.io.FileInputStream.<init>(FileInputStream.java:138)
	at org.apache.tomcat.util.net.jsse.JSSESocketFactory.getStore(JSSESocketFactory.java:385)
	at org.apache.tomcat.util.net.jsse.JSSESocketFactory.getKeystore(JSSESocketFactory.java:291)
	at org.apache.tomcat.util.net.jsse.JSSESocketFactory.getKeyManagers(JSSESocketFactory.java:549)
	at org.apache.tomcat.util.net.jsse.JSSESocketFactory.getKeyManagers(JSSESocketFactory.java:489)
	at org.apache.tomcat.util.net.jsse.JSSESocketFactory.init(JSSESocketFactory.java:434)
	at org.apache.tomcat.util.net.jsse.JSSESocketFactory.createSocket(JSSESocketFactory.java:181)
	at org.apache.tomcat.util.net.JIoEndpoint.bind(JIoEndpoint.java:397)
	at org.apache.tomcat.util.net.AbstractEndpoint.init(AbstractEndpoint.java:640)
	at org.apache.coyote.AbstractProtocol.init(AbstractProtocol.java:434)
	at org.apache.coyote.http11.AbstractHttp11JsseProtocol.init(AbstractHttp11JsseProtocol.java:119)
	at org.apache.catalina.connector.Connector.initInternal(Connector.java:978)
	... 13 more

Mai 05, 2014 3:52:30 PM org.apache.coyote.AbstractProtocol init
INFO: Initializing ProtocolHandler ["ajp-bio-8009"]
Mai 05, 2014 3:52:30 PM org.apache.catalina.startup.Catalina load
INFO: Initialization processed in 1253 ms
Mai 05, 2014 3:52:31 PM org.apache.catalina.core.StandardService startInternal
INFO: Starting service Catalina
Mai 05, 2014 3:52:31 PM org.apache.catalina.core.StandardEngine startInternal
INFO: Starting Servlet Engine: Apache Tomcat/7.0.53
Mai 05, 2014 3:52:31 PM org.apache.catalina.startup.HostConfig deployDirectory
INFO: Deploying web application directory /Users/adrianbertschi/Documents/Work/Projects/ZHAW/VSY/P5/apache-tomcat-7.0.53/webapps/docs
Mai 05, 2014 3:52:32 PM org.apache.catalina.startup.HostConfig deployDirectory
INFO: Deploying web application directory /Users/adrianbertschi/Documents/Work/Projects/ZHAW/VSY/P5/apache-tomcat-7.0.53/webapps/examples
Mai 05, 2014 3:52:32 PM org.apache.catalina.startup.HostConfig deployDirectory
INFO: Deploying web application directory /Users/adrianbertschi/Documents/Work/Projects/ZHAW/VSY/P5/apache-tomcat-7.0.53/webapps/host-manager
Mai 05, 2014 3:52:33 PM org.apache.catalina.startup.HostConfig deployDirectory
INFO: Deploying web application directory /Users/adrianbertschi/Documents/Work/Projects/ZHAW/VSY/P5/apache-tomcat-7.0.53/webapps/manager
Mai 05, 2014 3:52:33 PM org.apache.catalina.startup.HostConfig deployDirectory
INFO: Deploying web application directory /Users/adrianbertschi/Documents/Work/Projects/ZHAW/VSY/P5/apache-tomcat-7.0.53/webapps/ROOT
Mai 05, 2014 3:52:33 PM org.apache.coyote.AbstractProtocol start
INFO: Starting ProtocolHandler ["http-bio-8080"]
Mai 05, 2014 3:52:33 PM org.apache.coyote.AbstractProtocol start
INFO: Starting ProtocolHandler ["ajp-bio-8009"]
Mai 05, 2014 3:52:33 PM org.apache.catalina.startup.Catalina start
INFO: Server startup in 2254 ms
Mai 05, 2014 3:52:39 PM org.apache.coyote.AbstractProtocol pause
INFO: Pausing ProtocolHandler ["http-bio-8080"]
Mai 05, 2014 3:52:39 PM org.apache.coyote.AbstractProtocol pause
INFO: Pausing ProtocolHandler ["http-bio-8443"]
Mai 05, 2014 3:52:39 PM org.apache.coyote.AbstractProtocol pause
INFO: Pausing ProtocolHandler ["ajp-bio-8009"]
Mai 05, 2014 3:52:39 PM org.apache.catalina.core.StandardService stopInternal
INFO: Stopping service Catalina
Mai 05, 2014 3:52:39 PM org.apache.coyote.AbstractProtocol stop
INFO: Stopping ProtocolHandler ["http-bio-8080"]
Mai 05, 2014 3:52:39 PM org.apache.coyote.AbstractProtocol stop
INFO: Stopping ProtocolHandler ["ajp-bio-8009"]
Mai 05, 2014 3:52:39 PM org.apache.coyote.AbstractProtocol destroy
INFO: Destroying ProtocolHandler ["http-bio-8080"]
Mai 05, 2014 3:52:39 PM org.apache.coyote.AbstractProtocol stop
INFO: Stopping ProtocolHandler ["http-bio-8443"]
Mai 05, 2014 3:52:39 PM org.apache.coyote.AbstractProtocol destroy
INFO: Destroying ProtocolHandler ["http-bio-8443"]
Mai 05, 2014 3:52:39 PM org.apache.coyote.AbstractProtocol destroy
INFO: Destroying ProtocolHandler ["ajp-bio-8009"]
Mai 05, 2014 3:53:05 PM org.apache.catalina.core.AprLifecycleListener init
INFO: The APR based Apache Tomcat Native library which allows optimal performance in production environments was not found on the java.library.path: /Users/adrianbertschi/Library/Java/Extensions:/Library/Java/Extensions:/Network/Library/Java/Extensions:/System/Library/Java/Extensions:/usr/lib/java:.
Mai 05, 2014 3:53:05 PM org.apache.tomcat.util.net.AbstractEndpoint adjustRelativePath
WARNING: configured file:[/Users/adrianbertschi/Documents/Work/Projects/ZHAW/VSY/P5/apache-tomcat-7.0.53/../../certs/server.jks] does not exist.
Mai 05, 2014 3:53:05 PM org.apache.tomcat.util.net.AbstractEndpoint adjustRelativePath
WARNING: configured file:[/Users/adrianbertschi/Documents/Work/Projects/ZHAW/VSY/P5/apache-tomcat-7.0.53/../../certs/server.jks] does not exist.
Mai 05, 2014 3:53:05 PM org.apache.coyote.AbstractProtocol init
INFO: Initializing ProtocolHandler ["http-bio-8080"]
Mai 05, 2014 3:53:05 PM org.apache.coyote.AbstractProtocol init
INFO: Initializing ProtocolHandler ["http-bio-8443"]
Mai 05, 2014 3:53:05 PM org.apache.tomcat.util.net.jsse.JSSESocketFactory getStore
SEVERE: Failed to load keystore type JKS with path /Users/adrianbertschi/Documents/Work/Projects/ZHAW/VSY/P5/apache-tomcat-7.0.53/../../certs/server.jks due to /Users/adrianbertschi/Documents/Work/Projects/ZHAW/VSY/P5/apache-tomcat-7.0.53/../../certs/server.jks (No such file or directory)
java.io.FileNotFoundException: /Users/adrianbertschi/Documents/Work/Projects/ZHAW/VSY/P5/apache-tomcat-7.0.53/../../certs/server.jks (No such file or directory)
	at java.io.FileInputStream.open(Native Method)
	at java.io.FileInputStream.<init>(FileInputStream.java:138)
	at org.apache.tomcat.util.net.jsse.JSSESocketFactory.getStore(JSSESocketFactory.java:385)
	at org.apache.tomcat.util.net.jsse.JSSESocketFactory.getKeystore(JSSESocketFactory.java:291)
	at org.apache.tomcat.util.net.jsse.JSSESocketFactory.getKeyManagers(JSSESocketFactory.java:549)
	at org.apache.tomcat.util.net.jsse.JSSESocketFactory.getKeyManagers(JSSESocketFactory.java:489)
	at org.apache.tomcat.util.net.jsse.JSSESocketFactory.init(JSSESocketFactory.java:434)
	at org.apache.tomcat.util.net.jsse.JSSESocketFactory.createSocket(JSSESocketFactory.java:181)
	at org.apache.tomcat.util.net.JIoEndpoint.bind(JIoEndpoint.java:397)
	at org.apache.tomcat.util.net.AbstractEndpoint.init(AbstractEndpoint.java:640)
	at org.apache.coyote.AbstractProtocol.init(AbstractProtocol.java:434)
	at org.apache.coyote.http11.AbstractHttp11JsseProtocol.init(AbstractHttp11JsseProtocol.java:119)
	at org.apache.catalina.connector.Connector.initInternal(Connector.java:978)
	at org.apache.catalina.util.LifecycleBase.init(LifecycleBase.java:102)
	at org.apache.catalina.core.StandardService.initInternal(StandardService.java:559)
	at org.apache.catalina.util.LifecycleBase.init(LifecycleBase.java:102)
	at org.apache.catalina.core.StandardServer.initInternal(StandardServer.java:813)
	at org.apache.catalina.util.LifecycleBase.init(LifecycleBase.java:102)
	at org.apache.catalina.startup.Catalina.load(Catalina.java:638)
	at org.apache.catalina.startup.Catalina.load(Catalina.java:663)
	at sun.reflect.NativeMethodAccessorImpl.invoke0(Native Method)
	at sun.reflect.NativeMethodAccessorImpl.invoke(NativeMethodAccessorImpl.java:57)
	at sun.reflect.DelegatingMethodAccessorImpl.invoke(DelegatingMethodAccessorImpl.java:43)
	at java.lang.reflect.Method.invoke(Method.java:601)
	at org.apache.catalina.startup.Bootstrap.load(Bootstrap.java:280)
	at org.apache.catalina.startup.Bootstrap.main(Bootstrap.java:454)

Mai 05, 2014 3:53:05 PM org.apache.coyote.AbstractProtocol init
SEVERE: Failed to initialize end point associated with ProtocolHandler ["http-bio-8443"]
java.io.FileNotFoundException: /Users/adrianbertschi/Documents/Work/Projects/ZHAW/VSY/P5/apache-tomcat-7.0.53/../../certs/server.jks (No such file or directory)
	at java.io.FileInputStream.open(Native Method)
	at java.io.FileInputStream.<init>(FileInputStream.java:138)
	at org.apache.tomcat.util.net.jsse.JSSESocketFactory.getStore(JSSESocketFactory.java:385)
	at org.apache.tomcat.util.net.jsse.JSSESocketFactory.getKeystore(JSSESocketFactory.java:291)
	at org.apache.tomcat.util.net.jsse.JSSESocketFactory.getKeyManagers(JSSESocketFactory.java:549)
	at org.apache.tomcat.util.net.jsse.JSSESocketFactory.getKeyManagers(JSSESocketFactory.java:489)
	at org.apache.tomcat.util.net.jsse.JSSESocketFactory.init(JSSESocketFactory.java:434)
	at org.apache.tomcat.util.net.jsse.JSSESocketFactory.createSocket(JSSESocketFactory.java:181)
	at org.apache.tomcat.util.net.JIoEndpoint.bind(JIoEndpoint.java:397)
	at org.apache.tomcat.util.net.AbstractEndpoint.init(AbstractEndpoint.java:640)
	at org.apache.coyote.AbstractProtocol.init(AbstractProtocol.java:434)
	at org.apache.coyote.http11.AbstractHttp11JsseProtocol.init(AbstractHttp11JsseProtocol.java:119)
	at org.apache.catalina.connector.Connector.initInternal(Connector.java:978)
	at org.apache.catalina.util.LifecycleBase.init(LifecycleBase.java:102)
	at org.apache.catalina.core.StandardService.initInternal(StandardService.java:559)
	at org.apache.catalina.util.LifecycleBase.init(LifecycleBase.java:102)
	at org.apache.catalina.core.StandardServer.initInternal(StandardServer.java:813)
	at org.apache.catalina.util.LifecycleBase.init(LifecycleBase.java:102)
	at org.apache.catalina.startup.Catalina.load(Catalina.java:638)
	at org.apache.catalina.startup.Catalina.load(Catalina.java:663)
	at sun.reflect.NativeMethodAccessorImpl.invoke0(Native Method)
	at sun.reflect.NativeMethodAccessorImpl.invoke(NativeMethodAccessorImpl.java:57)
	at sun.reflect.DelegatingMethodAccessorImpl.invoke(DelegatingMethodAccessorImpl.java:43)
	at java.lang.reflect.Method.invoke(Method.java:601)
	at org.apache.catalina.startup.Bootstrap.load(Bootstrap.java:280)
	at org.apache.catalina.startup.Bootstrap.main(Bootstrap.java:454)

Mai 05, 2014 3:53:05 PM org.apache.catalina.core.StandardService initInternal
SEVERE: Failed to initialize connector [Connector[HTTP/1.1-8443]]
org.apache.catalina.LifecycleException: Failed to initialize component [Connector[HTTP/1.1-8443]]
	at org.apache.catalina.util.LifecycleBase.init(LifecycleBase.java:106)
	at org.apache.catalina.core.StandardService.initInternal(StandardService.java:559)
	at org.apache.catalina.util.LifecycleBase.init(LifecycleBase.java:102)
	at org.apache.catalina.core.StandardServer.initInternal(StandardServer.java:813)
	at org.apache.catalina.util.LifecycleBase.init(LifecycleBase.java:102)
	at org.apache.catalina.startup.Catalina.load(Catalina.java:638)
	at org.apache.catalina.startup.Catalina.load(Catalina.java:663)
	at sun.reflect.NativeMethodAccessorImpl.invoke0(Native Method)
	at sun.reflect.NativeMethodAccessorImpl.invoke(NativeMethodAccessorImpl.java:57)
	at sun.reflect.DelegatingMethodAccessorImpl.invoke(DelegatingMethodAccessorImpl.java:43)
	at java.lang.reflect.Method.invoke(Method.java:601)
	at org.apache.catalina.startup.Bootstrap.load(Bootstrap.java:280)
	at org.apache.catalina.startup.Bootstrap.main(Bootstrap.java:454)
Caused by: org.apache.catalina.LifecycleException: Protocol handler initialization failed
	at org.apache.catalina.connector.Connector.initInternal(Connector.java:980)
	at org.apache.catalina.util.LifecycleBase.init(LifecycleBase.java:102)
	... 12 more
Caused by: java.io.FileNotFoundException: /Users/adrianbertschi/Documents/Work/Projects/ZHAW/VSY/P5/apache-tomcat-7.0.53/../../certs/server.jks (No such file or directory)
	at java.io.FileInputStream.open(Native Method)
	at java.io.FileInputStream.<init>(FileInputStream.java:138)
	at org.apache.tomcat.util.net.jsse.JSSESocketFactory.getStore(JSSESocketFactory.java:385)
	at org.apache.tomcat.util.net.jsse.JSSESocketFactory.getKeystore(JSSESocketFactory.java:291)
	at org.apache.tomcat.util.net.jsse.JSSESocketFactory.getKeyManagers(JSSESocketFactory.java:549)
	at org.apache.tomcat.util.net.jsse.JSSESocketFactory.getKeyManagers(JSSESocketFactory.java:489)
	at org.apache.tomcat.util.net.jsse.JSSESocketFactory.init(JSSESocketFactory.java:434)
	at org.apache.tomcat.util.net.jsse.JSSESocketFactory.createSocket(JSSESocketFactory.java:181)
	at org.apache.tomcat.util.net.JIoEndpoint.bind(JIoEndpoint.java:397)
	at org.apache.tomcat.util.net.AbstractEndpoint.init(AbstractEndpoint.java:640)
	at org.apache.coyote.AbstractProtocol.init(AbstractProtocol.java:434)
	at org.apache.coyote.http11.AbstractHttp11JsseProtocol.init(AbstractHttp11JsseProtocol.java:119)
	at org.apache.catalina.connector.Connector.initInternal(Connector.java:978)
	... 13 more

Mai 05, 2014 3:53:05 PM org.apache.coyote.AbstractProtocol init
INFO: Initializing ProtocolHandler ["ajp-bio-8009"]
Mai 05, 2014 3:53:05 PM org.apache.catalina.startup.Catalina load
INFO: Initialization processed in 964 ms
Mai 05, 2014 3:53:05 PM org.apache.catalina.core.StandardService startInternal
INFO: Starting service Catalina
Mai 05, 2014 3:53:05 PM org.apache.catalina.core.StandardEngine startInternal
INFO: Starting Servlet Engine: Apache Tomcat/7.0.53
Mai 05, 2014 3:53:05 PM org.apache.catalina.startup.HostConfig deployDirectory
INFO: Deploying web application directory /Users/adrianbertschi/Documents/Work/Projects/ZHAW/VSY/P5/apache-tomcat-7.0.53/webapps/docs
Mai 05, 2014 3:53:06 PM org.apache.catalina.startup.HostConfig deployDirectory
INFO: Deploying web application directory /Users/adrianbertschi/Documents/Work/Projects/ZHAW/VSY/P5/apache-tomcat-7.0.53/webapps/examples
Mai 05, 2014 3:53:06 PM org.apache.catalina.startup.HostConfig deployDirectory
INFO: Deploying web application directory /Users/adrianbertschi/Documents/Work/Projects/ZHAW/VSY/P5/apache-tomcat-7.0.53/webapps/host-manager
Mai 05, 2014 3:53:06 PM org.apache.catalina.startup.HostConfig deployDirectory
INFO: Deploying web application directory /Users/adrianbertschi/Documents/Work/Projects/ZHAW/VSY/P5/apache-tomcat-7.0.53/webapps/manager
Mai 05, 2014 3:53:06 PM org.apache.catalina.startup.HostConfig deployDirectory
INFO: Deploying web application directory /Users/adrianbertschi/Documents/Work/Projects/ZHAW/VSY/P5/apache-tomcat-7.0.53/webapps/ROOT
Mai 05, 2014 3:53:07 PM org.apache.coyote.AbstractProtocol start
INFO: Starting ProtocolHandler ["http-bio-8080"]
Mai 05, 2014 3:53:07 PM org.apache.coyote.AbstractProtocol start
INFO: Starting ProtocolHandler ["ajp-bio-8009"]
Mai 05, 2014 3:53:07 PM org.apache.catalina.startup.Catalina start
INFO: Server startup in 1379 ms
Mai 05, 2014 3:53:17 PM org.apache.coyote.AbstractProtocol pause
INFO: Pausing ProtocolHandler ["http-bio-8080"]
Mai 05, 2014 3:53:17 PM org.apache.coyote.AbstractProtocol pause
INFO: Pausing ProtocolHandler ["http-bio-8443"]
Mai 05, 2014 3:53:17 PM org.apache.coyote.AbstractProtocol pause
INFO: Pausing ProtocolHandler ["ajp-bio-8009"]
Mai 05, 2014 3:53:17 PM org.apache.catalina.core.StandardService stopInternal
INFO: Stopping service Catalina
Mai 05, 2014 3:53:17 PM org.apache.coyote.AbstractProtocol stop
INFO: Stopping ProtocolHandler ["http-bio-8080"]
Mai 05, 2014 3:53:17 PM org.apache.coyote.AbstractProtocol stop
INFO: Stopping ProtocolHandler ["ajp-bio-8009"]
Mai 05, 2014 3:53:17 PM org.apache.coyote.AbstractProtocol destroy
INFO: Destroying ProtocolHandler ["http-bio-8080"]
Mai 05, 2014 3:53:17 PM org.apache.coyote.AbstractProtocol stop
INFO: Stopping ProtocolHandler ["http-bio-8443"]
Mai 05, 2014 3:53:17 PM org.apache.coyote.AbstractProtocol destroy
INFO: Destroying ProtocolHandler ["http-bio-8443"]
Mai 05, 2014 3:53:17 PM org.apache.coyote.AbstractProtocol destroy
INFO: Destroying ProtocolHandler ["ajp-bio-8009"]
Mai 05, 2014 3:53:54 PM org.apache.catalina.core.AprLifecycleListener init
INFO: The APR based Apache Tomcat Native library which allows optimal performance in production environments was not found on the java.library.path: /Users/adrianbertschi/Library/Java/Extensions:/Library/Java/Extensions:/Network/Library/Java/Extensions:/System/Library/Java/Extensions:/usr/lib/java:.
Mai 05, 2014 3:53:54 PM org.apache.coyote.AbstractProtocol init
INFO: Initializing ProtocolHandler ["http-bio-8080"]
Mai 05, 2014 3:53:55 PM org.apache.coyote.AbstractProtocol init
INFO: Initializing ProtocolHandler ["http-bio-8443"]
Mai 05, 2014 3:53:55 PM org.apache.coyote.AbstractProtocol init
INFO: Initializing ProtocolHandler ["ajp-bio-8009"]
Mai 05, 2014 3:53:55 PM org.apache.catalina.startup.Catalina load
INFO: Initialization processed in 946 ms
Mai 05, 2014 3:53:55 PM org.apache.catalina.core.StandardService startInternal
INFO: Starting service Catalina
Mai 05, 2014 3:53:55 PM org.apache.catalina.core.StandardEngine startInternal
INFO: Starting Servlet Engine: Apache Tomcat/7.0.53
Mai 05, 2014 3:53:55 PM org.apache.catalina.startup.HostConfig deployDirectory
INFO: Deploying web application directory /Users/adrianbertschi/Documents/Work/Projects/ZHAW/VSY/P5/apache-tomcat-7.0.53/webapps/docs
Mai 05, 2014 3:53:55 PM org.apache.catalina.startup.HostConfig deployDirectory
INFO: Deploying web application directory /Users/adrianbertschi/Documents/Work/Projects/ZHAW/VSY/P5/apache-tomcat-7.0.53/webapps/examples
Mai 05, 2014 3:53:56 PM org.apache.catalina.startup.HostConfig deployDirectory
INFO: Deploying web application directory /Users/adrianbertschi/Documents/Work/Projects/ZHAW/VSY/P5/apache-tomcat-7.0.53/webapps/host-manager
Mai 05, 2014 3:53:56 PM org.apache.catalina.startup.HostConfig deployDirectory
INFO: Deploying web application directory /Users/adrianbertschi/Documents/Work/Projects/ZHAW/VSY/P5/apache-tomcat-7.0.53/webapps/manager
Mai 05, 2014 3:53:56 PM org.apache.catalina.startup.HostConfig deployDirectory
INFO: Deploying web application directory /Users/adrianbertschi/Documents/Work/Projects/ZHAW/VSY/P5/apache-tomcat-7.0.53/webapps/ROOT
Mai 05, 2014 3:53:56 PM org.apache.coyote.AbstractProtocol start
INFO: Starting ProtocolHandler ["http-bio-8080"]
Mai 05, 2014 3:53:56 PM org.apache.coyote.AbstractProtocol start
INFO: Starting ProtocolHandler ["http-bio-8443"]
Mai 05, 2014 3:53:56 PM org.apache.coyote.AbstractProtocol start
INFO: Starting ProtocolHandler ["ajp-bio-8009"]
Mai 05, 2014 3:53:56 PM org.apache.catalina.startup.Catalina start
INFO: Server startup in 1413 ms
Mai 05, 2014 3:54:02 PM org.apache.coyote.AbstractProtocol pause
INFO: Pausing ProtocolHandler ["http-bio-8080"]
Mai 05, 2014 3:54:02 PM org.apache.coyote.AbstractProtocol pause
INFO: Pausing ProtocolHandler ["http-bio-8443"]
Mai 05, 2014 3:54:02 PM org.apache.coyote.AbstractProtocol pause
INFO: Pausing ProtocolHandler ["ajp-bio-8009"]
Mai 05, 2014 3:54:02 PM org.apache.catalina.core.StandardService stopInternal
INFO: Stopping service Catalina
Mai 05, 2014 3:54:02 PM org.apache.coyote.AbstractProtocol stop
INFO: Stopping ProtocolHandler ["http-bio-8080"]
Mai 05, 2014 3:54:02 PM org.apache.coyote.AbstractProtocol stop
INFO: Stopping ProtocolHandler ["http-bio-8443"]
Mai 05, 2014 3:54:02 PM org.apache.coyote.AbstractProtocol stop
INFO: Stopping ProtocolHandler ["ajp-bio-8009"]
Mai 05, 2014 3:54:02 PM org.apache.coyote.AbstractProtocol destroy
INFO: Destroying ProtocolHandler ["http-bio-8080"]
Mai 05, 2014 3:54:02 PM org.apache.coyote.AbstractProtocol destroy
INFO: Destroying ProtocolHandler ["http-bio-8443"]
Mai 05, 2014 3:54:02 PM org.apache.coyote.AbstractProtocol destroy
INFO: Destroying ProtocolHandler ["ajp-bio-8009"]
Mai 05, 2014 4:00:36 PM org.apache.catalina.core.AprLifecycleListener init
INFO: The APR based Apache Tomcat Native library which allows optimal performance in production environments was not found on the java.library.path: /Users/adrianbertschi/Library/Java/Extensions:/Library/Java/Extensions:/Network/Library/Java/Extensions:/System/Library/Java/Extensions:/usr/lib/java:.
Mai 05, 2014 4:00:36 PM org.apache.coyote.AbstractProtocol init
INFO: Initializing ProtocolHandler ["http-bio-8080"]
Mai 05, 2014 4:00:36 PM org.apache.coyote.AbstractProtocol init
INFO: Initializing ProtocolHandler ["http-bio-8443"]
Mai 05, 2014 4:00:37 PM org.apache.coyote.AbstractProtocol init
INFO: Initializing ProtocolHandler ["ajp-bio-8009"]
Mai 05, 2014 4:00:37 PM org.apache.catalina.startup.Catalina load
INFO: Initialization processed in 1246 ms
Mai 05, 2014 4:00:37 PM org.apache.catalina.core.StandardService startInternal
INFO: Starting service Catalina
Mai 05, 2014 4:00:37 PM org.apache.catalina.core.StandardEngine startInternal
INFO: Starting Servlet Engine: Apache Tomcat/7.0.53
Mai 05, 2014 4:00:37 PM org.apache.catalina.startup.HostConfig deployWAR
INFO: Deploying web application archive /Users/adrianbertschi/Documents/Work/Projects/ZHAW/VSY/P5/apache-tomcat-7.0.53/webapps/VSY P5.war
Mai 05, 2014 4:00:38 PM org.apache.catalina.startup.HostConfig deployDirectory
INFO: Deploying web application directory /Users/adrianbertschi/Documents/Work/Projects/ZHAW/VSY/P5/apache-tomcat-7.0.53/webapps/docs
Mai 05, 2014 4:00:38 PM org.apache.catalina.startup.HostConfig deployDirectory
INFO: Deploying web application directory /Users/adrianbertschi/Documents/Work/Projects/ZHAW/VSY/P5/apache-tomcat-7.0.53/webapps/examples
Mai 05, 2014 4:00:39 PM org.apache.catalina.startup.HostConfig deployDirectory
INFO: Deploying web application directory /Users/adrianbertschi/Documents/Work/Projects/ZHAW/VSY/P5/apache-tomcat-7.0.53/webapps/host-manager
Mai 05, 2014 4:00:39 PM org.apache.catalina.startup.HostConfig deployDirectory
INFO: Deploying web application directory /Users/adrianbertschi/Documents/Work/Projects/ZHAW/VSY/P5/apache-tomcat-7.0.53/webapps/manager
Mai 05, 2014 4:00:39 PM org.apache.catalina.startup.HostConfig deployDirectory
INFO: Deploying web application directory /Users/adrianbertschi/Documents/Work/Projects/ZHAW/VSY/P5/apache-tomcat-7.0.53/webapps/ROOT
Mai 05, 2014 4:00:39 PM org.apache.coyote.AbstractProtocol start
INFO: Starting ProtocolHandler ["http-bio-8080"]
Mai 05, 2014 4:00:39 PM org.apache.coyote.AbstractProtocol start
INFO: Starting ProtocolHandler ["http-bio-8443"]
Mai 05, 2014 4:00:39 PM org.apache.coyote.AbstractProtocol start
INFO: Starting ProtocolHandler ["ajp-bio-8009"]
Mai 05, 2014 4:00:39 PM org.apache.catalina.startup.Catalina start
INFO: Server startup in 2115 ms
Mai 05, 2014 4:00:46 PM org.apache.coyote.AbstractProtocol pause
INFO: Pausing ProtocolHandler ["http-bio-8080"]
Mai 05, 2014 4:00:46 PM org.apache.coyote.AbstractProtocol pause
INFO: Pausing ProtocolHandler ["http-bio-8443"]
Mai 05, 2014 4:00:46 PM org.apache.coyote.AbstractProtocol pause
INFO: Pausing ProtocolHandler ["ajp-bio-8009"]
Mai 05, 2014 4:00:46 PM org.apache.catalina.core.StandardService stopInternal
INFO: Stopping service Catalina
Mai 05, 2014 4:00:46 PM org.apache.coyote.AbstractProtocol stop
INFO: Stopping ProtocolHandler ["http-bio-8080"]
Mai 05, 2014 4:00:46 PM org.apache.coyote.AbstractProtocol stop
INFO: Stopping ProtocolHandler ["http-bio-8443"]
Mai 05, 2014 4:00:46 PM org.apache.coyote.AbstractProtocol stop
INFO: Stopping ProtocolHandler ["ajp-bio-8009"]
Mai 05, 2014 4:00:46 PM org.apache.coyote.AbstractProtocol destroy
INFO: Destroying ProtocolHandler ["http-bio-8080"]
Mai 05, 2014 4:00:46 PM org.apache.coyote.AbstractProtocol destroy
INFO: Destroying ProtocolHandler ["http-bio-8443"]
Mai 05, 2014 4:00:46 PM org.apache.coyote.AbstractProtocol destroy
INFO: Destroying ProtocolHandler ["ajp-bio-8009"]
