Mai 05, 2014 3:15:34 PM org.apache.catalina.core.ApplicationContext log
INFO: ContextListener: contextInitialized()
Mai 05, 2014 3:15:34 PM org.apache.catalina.core.ApplicationContext log
INFO: SessionListener: contextInitialized()
Mai 05, 2014 3:15:34 PM org.apache.catalina.core.ApplicationContext log
INFO: ContextListener: attributeAdded('org.apache.jasper.compiler.TldLocationsCache', 'org.apache.jasper.compiler.TldLocationsCache@4611eadc')
Mai 05, 2014 3:16:43 PM org.apache.catalina.core.ApplicationContext log
INFO: SessionListener: contextDestroyed()
Mai 05, 2014 3:16:43 PM org.apache.catalina.core.ApplicationContext log
INFO: ContextListener: contextDestroyed()
Mai 05, 2014 3:17:32 PM org.apache.catalina.core.ApplicationContext log
INFO: ContextListener: contextInitialized()
Mai 05, 2014 3:17:32 PM org.apache.catalina.core.ApplicationContext log
INFO: SessionListener: contextInitialized()
Mai 05, 2014 3:17:32 PM org.apache.catalina.core.ApplicationContext log
INFO: ContextListener: attributeAdded('org.apache.jasper.compiler.TldLocationsCache', 'org.apache.jasper.compiler.TldLocationsCache@42523574')
Mai 05, 2014 3:18:47 PM org.apache.catalina.core.ApplicationContext log
INFO: SessionListener: contextDestroyed()
Mai 05, 2014 3:18:47 PM org.apache.catalina.core.ApplicationContext log
INFO: ContextListener: contextDestroyed()
Mai 05, 2014 3:19:26 PM org.apache.catalina.core.ApplicationContext log
INFO: ContextListener: contextInitialized()
Mai 05, 2014 3:19:26 PM org.apache.catalina.core.ApplicationContext log
INFO: SessionListener: contextInitialized()
Mai 05, 2014 3:19:26 PM org.apache.catalina.core.ApplicationContext log
INFO: ContextListener: attributeAdded('org.apache.jasper.compiler.TldLocationsCache', 'org.apache.jasper.compiler.TldLocationsCache@233374b0')
Mai 05, 2014 3:19:33 PM org.apache.catalina.core.ApplicationContext log
INFO: SessionListener: contextDestroyed()
Mai 05, 2014 3:19:33 PM org.apache.catalina.core.ApplicationContext log
INFO: ContextListener: contextDestroyed()
Mai 05, 2014 3:20:02 PM org.apache.catalina.core.ApplicationContext log
INFO: ContextListener: contextInitialized()
Mai 05, 2014 3:20:02 PM org.apache.catalina.core.ApplicationContext log
INFO: SessionListener: contextInitialized()
Mai 05, 2014 3:20:02 PM org.apache.catalina.core.ApplicationContext log
INFO: ContextListener: attributeAdded('org.apache.jasper.compiler.TldLocationsCache', 'org.apache.jasper.compiler.TldLocationsCache@4611eadc')
Mai 05, 2014 3:20:59 PM org.apache.catalina.core.ApplicationContext log
INFO: SessionListener: contextDestroyed()
Mai 05, 2014 3:20:59 PM org.apache.catalina.core.ApplicationContext log
INFO: ContextListener: contextDestroyed()
Mai 05, 2014 3:21:05 PM org.apache.catalina.core.ApplicationContext log
INFO: ContextListener: contextInitialized()
Mai 05, 2014 3:21:05 PM org.apache.catalina.core.ApplicationContext log
INFO: SessionListener: contextInitialized()
Mai 05, 2014 3:21:05 PM org.apache.catalina.core.ApplicationContext log
INFO: ContextListener: attributeAdded('org.apache.jasper.compiler.TldLocationsCache', 'org.apache.jasper.compiler.TldLocationsCache@4611eadc')
Mai 05, 2014 3:22:54 PM org.apache.catalina.core.ApplicationContext log
INFO: SessionListener: contextDestroyed()
Mai 05, 2014 3:22:54 PM org.apache.catalina.core.ApplicationContext log
INFO: ContextListener: contextDestroyed()
Mai 05, 2014 3:22:58 PM org.apache.catalina.core.ApplicationContext log
INFO: ContextListener: contextInitialized()
Mai 05, 2014 3:22:58 PM org.apache.catalina.core.ApplicationContext log
INFO: SessionListener: contextInitialized()
Mai 05, 2014 3:22:58 PM org.apache.catalina.core.ApplicationContext log
INFO: ContextListener: attributeAdded('org.apache.jasper.compiler.TldLocationsCache', 'org.apache.jasper.compiler.TldLocationsCache@43f1dc96')
Mai 05, 2014 3:23:37 PM org.apache.catalina.core.ApplicationContext log
INFO: SessionListener: contextDestroyed()
Mai 05, 2014 3:23:37 PM org.apache.catalina.core.ApplicationContext log
INFO: ContextListener: contextDestroyed()
Mai 05, 2014 3:23:41 PM org.apache.catalina.core.ApplicationContext log
INFO: ContextListener: contextInitialized()
Mai 05, 2014 3:23:41 PM org.apache.catalina.core.ApplicationContext log
INFO: SessionListener: contextInitialized()
Mai 05, 2014 3:23:41 PM org.apache.catalina.core.ApplicationContext log
INFO: ContextListener: attributeAdded('org.apache.jasper.compiler.TldLocationsCache', 'org.apache.jasper.compiler.TldLocationsCache@4674fb64')
Mai 05, 2014 3:26:05 PM org.apache.catalina.core.ApplicationContext log
INFO: SessionListener: contextDestroyed()
Mai 05, 2014 3:26:05 PM org.apache.catalina.core.ApplicationContext log
INFO: ContextListener: contextDestroyed()
Mai 05, 2014 3:43:26 PM org.apache.catalina.core.ApplicationContext log
INFO: ContextListener: contextInitialized()
Mai 05, 2014 3:43:26 PM org.apache.catalina.core.ApplicationContext log
INFO: SessionListener: contextInitialized()
Mai 05, 2014 3:43:26 PM org.apache.catalina.core.ApplicationContext log
INFO: ContextListener: attributeAdded('org.apache.jasper.compiler.TldLocationsCache', 'org.apache.jasper.compiler.TldLocationsCache@4674fb64')
Mai 05, 2014 3:44:56 PM org.apache.catalina.core.ApplicationContext log
INFO: SessionListener: contextDestroyed()
Mai 05, 2014 3:44:56 PM org.apache.catalina.core.ApplicationContext log
INFO: ContextListener: contextDestroyed()
Mai 05, 2014 3:45:01 PM org.apache.catalina.core.ApplicationContext log
INFO: ContextListener: contextInitialized()
Mai 05, 2014 3:45:01 PM org.apache.catalina.core.ApplicationContext log
INFO: SessionListener: contextInitialized()
Mai 05, 2014 3:45:01 PM org.apache.catalina.core.ApplicationContext log
INFO: ContextListener: attributeAdded('org.apache.jasper.compiler.TldLocationsCache', 'org.apache.jasper.compiler.TldLocationsCache@cb9c5d')
Mai 05, 2014 3:45:08 PM org.apache.catalina.core.ApplicationContext log
INFO: SessionListener: contextDestroyed()
Mai 05, 2014 3:45:08 PM org.apache.catalina.core.ApplicationContext log
INFO: ContextListener: contextDestroyed()
Mai 05, 2014 3:45:21 PM org.apache.catalina.core.ApplicationContext log
INFO: ContextListener: contextInitialized()
Mai 05, 2014 3:45:21 PM org.apache.catalina.core.ApplicationContext log
INFO: SessionListener: contextInitialized()
Mai 05, 2014 3:45:21 PM org.apache.catalina.core.ApplicationContext log
INFO: ContextListener: attributeAdded('org.apache.jasper.compiler.TldLocationsCache', 'org.apache.jasper.compiler.TldLocationsCache@43f1dc96')
Mai 05, 2014 3:45:53 PM org.apache.catalina.core.ApplicationContext log
INFO: SessionListener: contextDestroyed()
Mai 05, 2014 3:45:53 PM org.apache.catalina.core.ApplicationContext log
INFO: ContextListener: contextDestroyed()
Mai 05, 2014 3:45:57 PM org.apache.catalina.core.ApplicationContext log
INFO: ContextListener: contextInitialized()
Mai 05, 2014 3:45:57 PM org.apache.catalina.core.ApplicationContext log
INFO: SessionListener: contextInitialized()
Mai 05, 2014 3:45:57 PM org.apache.catalina.core.ApplicationContext log
INFO: ContextListener: attributeAdded('org.apache.jasper.compiler.TldLocationsCache', 'org.apache.jasper.compiler.TldLocationsCache@3bc91eb3')
Mai 05, 2014 3:46:49 PM org.apache.catalina.core.ApplicationContext log
INFO: SessionListener: contextDestroyed()
Mai 05, 2014 3:46:49 PM org.apache.catalina.core.ApplicationContext log
INFO: ContextListener: contextDestroyed()
Mai 05, 2014 3:47:20 PM org.apache.catalina.core.ApplicationContext log
INFO: ContextListener: contextInitialized()
Mai 05, 2014 3:47:20 PM org.apache.catalina.core.ApplicationContext log
INFO: SessionListener: contextInitialized()
Mai 05, 2014 3:47:20 PM org.apache.catalina.core.ApplicationContext log
INFO: ContextListener: attributeAdded('org.apache.jasper.compiler.TldLocationsCache', 'org.apache.jasper.compiler.TldLocationsCache@1be776bc')
Mai 05, 2014 3:48:11 PM org.apache.catalina.core.ApplicationContext log
INFO: SessionListener: contextDestroyed()
Mai 05, 2014 3:48:11 PM org.apache.catalina.core.ApplicationContext log
INFO: ContextListener: contextDestroyed()
Mai 05, 2014 3:49:48 PM org.apache.catalina.core.ApplicationContext log
INFO: ContextListener: contextInitialized()
Mai 05, 2014 3:49:48 PM org.apache.catalina.core.ApplicationContext log
INFO: SessionListener: contextInitialized()
Mai 05, 2014 3:49:48 PM org.apache.catalina.core.ApplicationContext log
INFO: ContextListener: attributeAdded('org.apache.jasper.compiler.TldLocationsCache', 'org.apache.jasper.compiler.TldLocationsCache@20be9067')
Mai 05, 2014 3:52:26 PM org.apache.catalina.core.ApplicationContext log
INFO: SessionListener: contextDestroyed()
Mai 05, 2014 3:52:26 PM org.apache.catalina.core.ApplicationContext log
INFO: ContextListener: contextDestroyed()
Mai 05, 2014 3:52:32 PM org.apache.catalina.core.ApplicationContext log
INFO: ContextListener: contextInitialized()
Mai 05, 2014 3:52:32 PM org.apache.catalina.core.ApplicationContext log
INFO: SessionListener: contextInitialized()
Mai 05, 2014 3:52:32 PM org.apache.catalina.core.ApplicationContext log
INFO: ContextListener: attributeAdded('org.apache.jasper.compiler.TldLocationsCache', 'org.apache.jasper.compiler.TldLocationsCache@67e9bf91')
Mai 05, 2014 3:52:39 PM org.apache.catalina.core.ApplicationContext log
INFO: SessionListener: contextDestroyed()
Mai 05, 2014 3:52:39 PM org.apache.catalina.core.ApplicationContext log
INFO: ContextListener: contextDestroyed()
Mai 05, 2014 3:53:06 PM org.apache.catalina.core.ApplicationContext log
INFO: ContextListener: contextInitialized()
Mai 05, 2014 3:53:06 PM org.apache.catalina.core.ApplicationContext log
INFO: SessionListener: contextInitialized()
Mai 05, 2014 3:53:06 PM org.apache.catalina.core.ApplicationContext log
INFO: ContextListener: attributeAdded('org.apache.jasper.compiler.TldLocationsCache', 'org.apache.jasper.compiler.TldLocationsCache@41043a18')
Mai 05, 2014 3:53:17 PM org.apache.catalina.core.ApplicationContext log
INFO: SessionListener: contextDestroyed()
Mai 05, 2014 3:53:17 PM org.apache.catalina.core.ApplicationContext log
INFO: ContextListener: contextDestroyed()
Mai 05, 2014 3:53:56 PM org.apache.catalina.core.ApplicationContext log
INFO: ContextListener: contextInitialized()
Mai 05, 2014 3:53:56 PM org.apache.catalina.core.ApplicationContext log
INFO: SessionListener: contextInitialized()
Mai 05, 2014 3:53:56 PM org.apache.catalina.core.ApplicationContext log
INFO: ContextListener: attributeAdded('org.apache.jasper.compiler.TldLocationsCache', 'org.apache.jasper.compiler.TldLocationsCache@33b67920')
Mai 05, 2014 3:54:02 PM org.apache.catalina.core.ApplicationContext log
INFO: SessionListener: contextDestroyed()
Mai 05, 2014 3:54:02 PM org.apache.catalina.core.ApplicationContext log
INFO: ContextListener: contextDestroyed()
